;  LST file generated by mikroListExporter - v.2.0 
; Date/Time: 5/5/2016 10:45:52 AM
;----------------------------------------------

;Address Opcode 	ASM
0x0000	0xF001EFA1  	GOTO        834
0x0004	0x0000      	NOP
0x0006	0x0000      	NOP
0x0008	0xF000EF00  	GOTO        0
0x000C	0x0000      	NOP
0x000E	0x0000      	NOP
0x0010	0x0000      	NOP
0x0012	0x0000      	NOP
0x0014	0x0000      	NOP
0x0016	0x0000      	NOP
0x0018	0xD7F3      	BRA         0
_elay_us:
;good morning.c,51 :: 		void elay_us(int n)       //Delay function for variable time delay
;good morning.c,53 :: 		while (n--)
L_elay_us0:
0x001C	0xF000C1BD  	MOVFF       FARG_elay_us_n, R0
0x0020	0xF001C1BE  	MOVFF       FARG_elay_us_n+1, R1
0x0024	0x0E01      	MOVLW       1
0x0026	0x0101      	MOVLB       1
0x0028	0x5FBD      	SUBWF       FARG_elay_us_n, 1, 1
0x002A	0x0E00      	MOVLW       0
0x002C	0x5BBE      	SUBWFB      FARG_elay_us_n+1, 1, 1
0x002E	0x5000      	MOVF        R0, 0 
0x0030	0x1001      	IORWF       R1, 0 
0x0032	0xE002      	BZ          L_elay_us1
;good morning.c,55 :: 		delay_us(1);
0x0034	0x0000      	NOP
;good morning.c,56 :: 		}
0x0036	0xD7F2      	BRA         L_elay_us0
L_elay_us1:
;good morning.c,57 :: 		}
L_end_elay_us:
0x0038	0x0012      	RETURN      0
; end of _elay_us
_show:
;good morning.c,74 :: 		void show(int image[],int t)      //Displaying the letter
;good morning.c,76 :: 		int b1=0;
0x003A	0x0101      	MOVLB       1
0x003C	0x6BBB      	CLRF        show_b1_L0, 1
0x003E	0x6BBC      	CLRF        show_b1_L0+1, 1
;good morning.c,77 :: 		for(b1=0;b1<=len;b1++)
0x0040	0x6BBB      	CLRF        show_b1_L0, 1
0x0042	0x6BBC      	CLRF        show_b1_L0+1, 1
L_show7:
0x0044	0x0E80      	MOVLW       128
0x0046	0x1996      	XORWF       _len+1, 0, 1
0x0048	0x6E00      	MOVWF       R0 
0x004A	0x0E80      	MOVLW       128
0x004C	0x19BC      	XORWF       show_b1_L0+1, 0, 1
0x004E	0x5C00      	SUBWF       R0, 0 
0x0050	0xE102      	BNZ         L__show89
0x0052	0x51BB      	MOVF        show_b1_L0, 0, 1
0x0054	0x5D95      	SUBWF       _len, 0, 1
L__show89:
0x0056	0xE317      	BNC         L_show8
;good morning.c,79 :: 		elay_us(t);
0x0058	0xF1BDC1B9  	MOVFF       FARG_show_t, FARG_elay_us_n
0x005C	0xF1BEC1BA  	MOVFF       FARG_show_t+1, FARG_elay_us_n+1
0x0060	0xDFDD      	RCALL       _elay_us
;good morning.c,80 :: 		PORTB=image[b1];
0x0062	0xF000C1BB  	MOVFF       show_b1_L0, R0
0x0066	0xF001C1BC  	MOVFF       show_b1_L0+1, R1
0x006A	0x3600      	RLCF        R0, 1 
0x006C	0x9000      	BCF         R0, 0 
0x006E	0x3601      	RLCF        R1, 1 
0x0070	0x5000      	MOVF        R0, 0 
0x0072	0x25B7      	ADDWF       FARG_show_image, 0, 1
0x0074	0x6EE9      	MOVWF       FSR0L 
0x0076	0x5001      	MOVF        R1, 0 
0x0078	0x21B8      	ADDWFC      FARG_show_image+1, 0, 1
0x007A	0x6EEA      	MOVWF       FSR0H 
0x007C	0xFF81CFEE  	MOVFF       POSTINC0, PORTB
;good morning.c,77 :: 		for(b1=0;b1<=len;b1++)
0x0080	0x4BBB      	INFSNZ      show_b1_L0, 1, 1
0x0082	0x2BBC      	INCF        show_b1_L0+1, 1, 1
;good morning.c,81 :: 		}
0x0084	0xD7DF      	BRA         L_show7
L_show8:
;good morning.c,82 :: 		PORTB=0b00000000;
0x0086	0x6A81      	CLRF        PORTB 
;good morning.c,83 :: 		}
L_end_show:
0x0088	0x0012      	RETURN      0
; end of _show
_UART1_Read:
;__Lib_UART_c67.c,39 :: 		
;__Lib_UART_c67.c,42 :: 		
0x008A	0xF001CFAE  	MOVFF       RCREG, R1
;__Lib_UART_c67.c,43 :: 		
0x008E	0xA2AB      	BTFSS       RCSTA, 1 
0x0090	0xD002      	BRA         L_UART1_Read2
;__Lib_UART_c67.c,44 :: 		
0x0092	0x98AB      	BCF         RCSTA, 4 
;__Lib_UART_c67.c,45 :: 		
0x0094	0x88AB      	BSF         RCSTA, 4 
;__Lib_UART_c67.c,46 :: 		
L_UART1_Read2:
;__Lib_UART_c67.c,47 :: 		
0x0096	0xF000C001  	MOVFF       R1, R0
;__Lib_UART_c67.c,48 :: 		
L_end_UART1_Read:
0x009A	0x0012      	RETURN      0
; end of _UART1_Read
_hello_world:
;good morning.c,85 :: 		void hello_world(int t)
;good morning.c,87 :: 		show(HH,t);
0x009C	0x0E97      	MOVLW       _HH
0x009E	0x0101      	MOVLB       1
0x00A0	0x6FB7      	MOVWF       FARG_show_image, 1
0x00A2	0x0E01      	MOVLW       hi_addr(_HH)
0x00A4	0x6FB8      	MOVWF       FARG_show_image+1, 1
0x00A6	0xF1B9C1B5  	MOVFF       FARG_hello_world_t, FARG_show_t
0x00AA	0xF1BAC1B6  	MOVFF       FARG_hello_world_t+1, FARG_show_t+1
0x00AE	0xDFC5      	RCALL       _show
;good morning.c,88 :: 		elay_us(t);
0x00B0	0xF1BDC1B5  	MOVFF       FARG_hello_world_t, FARG_elay_us_n
0x00B4	0xF1BEC1B6  	MOVFF       FARG_hello_world_t+1, FARG_elay_us_n+1
0x00B8	0xDFB1      	RCALL       _elay_us
;good morning.c,89 :: 		show(EE,t);
0x00BA	0x0E63      	MOVLW       _EE
0x00BC	0x6FB7      	MOVWF       FARG_show_image, 1
0x00BE	0x0E01      	MOVLW       hi_addr(_EE)
0x00C0	0x6FB8      	MOVWF       FARG_show_image+1, 1
0x00C2	0xF1B9C1B5  	MOVFF       FARG_hello_world_t, FARG_show_t
0x00C6	0xF1BAC1B6  	MOVFF       FARG_hello_world_t+1, FARG_show_t+1
0x00CA	0xDFB7      	RCALL       _show
;good morning.c,90 :: 		elay_us(t);
0x00CC	0xF1BDC1B5  	MOVFF       FARG_hello_world_t, FARG_elay_us_n
0x00D0	0xF1BEC1B6  	MOVFF       FARG_hello_world_t+1, FARG_elay_us_n+1
0x00D4	0xDFA3      	RCALL       _elay_us
;good morning.c,91 :: 		show(LL,t);
0x00D6	0x0E77      	MOVLW       _LL
0x00D8	0x6FB7      	MOVWF       FARG_show_image, 1
0x00DA	0x0E01      	MOVLW       hi_addr(_LL)
0x00DC	0x6FB8      	MOVWF       FARG_show_image+1, 1
0x00DE	0xF1B9C1B5  	MOVFF       FARG_hello_world_t, FARG_show_t
0x00E2	0xF1BAC1B6  	MOVFF       FARG_hello_world_t+1, FARG_show_t+1
0x00E6	0xDFA9      	RCALL       _show
;good morning.c,92 :: 		elay_us(t);
0x00E8	0xF1BDC1B5  	MOVFF       FARG_hello_world_t, FARG_elay_us_n
0x00EC	0xF1BEC1B6  	MOVFF       FARG_hello_world_t+1, FARG_elay_us_n+1
0x00F0	0xDF95      	RCALL       _elay_us
;good morning.c,93 :: 		show(LL,t);
0x00F2	0x0E77      	MOVLW       _LL
0x00F4	0x6FB7      	MOVWF       FARG_show_image, 1
0x00F6	0x0E01      	MOVLW       hi_addr(_LL)
0x00F8	0x6FB8      	MOVWF       FARG_show_image+1, 1
0x00FA	0xF1B9C1B5  	MOVFF       FARG_hello_world_t, FARG_show_t
0x00FE	0xF1BAC1B6  	MOVFF       FARG_hello_world_t+1, FARG_show_t+1
0x0102	0xDF9B      	RCALL       _show
;good morning.c,94 :: 		elay_us(t);
0x0104	0xF1BDC1B5  	MOVFF       FARG_hello_world_t, FARG_elay_us_n
0x0108	0xF1BEC1B6  	MOVFF       FARG_hello_world_t+1, FARG_elay_us_n+1
0x010C	0xDF87      	RCALL       _elay_us
;good morning.c,95 :: 		show(OO,t);
0x010E	0x0E81      	MOVLW       _OO
0x0110	0x6FB7      	MOVWF       FARG_show_image, 1
0x0112	0x0E01      	MOVLW       hi_addr(_OO)
0x0114	0x6FB8      	MOVWF       FARG_show_image+1, 1
0x0116	0xF1B9C1B5  	MOVFF       FARG_hello_world_t, FARG_show_t
0x011A	0xF1BAC1B6  	MOVFF       FARG_hello_world_t+1, FARG_show_t+1
0x011E	0xDF8D      	RCALL       _show
;good morning.c,96 :: 		elay_us(t);
0x0120	0xF1BDC1B5  	MOVFF       FARG_hello_world_t, FARG_elay_us_n
0x0124	0xF1BEC1B6  	MOVFF       FARG_hello_world_t+1, FARG_elay_us_n+1
0x0128	0xDF79      	RCALL       _elay_us
;good morning.c,97 :: 		show(space,t);
0x012A	0x0E8B      	MOVLW       _Space
0x012C	0x6FB7      	MOVWF       FARG_show_image, 1
0x012E	0x0E01      	MOVLW       hi_addr(_Space)
0x0130	0x6FB8      	MOVWF       FARG_show_image+1, 1
0x0132	0xF1B9C1B5  	MOVFF       FARG_hello_world_t, FARG_show_t
0x0136	0xF1BAC1B6  	MOVFF       FARG_hello_world_t+1, FARG_show_t+1
0x013A	0xDF7F      	RCALL       _show
;good morning.c,98 :: 		elay_us(t);
0x013C	0xF1BDC1B5  	MOVFF       FARG_hello_world_t, FARG_elay_us_n
0x0140	0xF1BEC1B6  	MOVFF       FARG_hello_world_t+1, FARG_elay_us_n+1
0x0144	0xDF6B      	RCALL       _elay_us
;good morning.c,99 :: 		show(WW,t);
0x0146	0x0E6D      	MOVLW       _WW
0x0148	0x6FB7      	MOVWF       FARG_show_image, 1
0x014A	0x0E01      	MOVLW       hi_addr(_WW)
0x014C	0x6FB8      	MOVWF       FARG_show_image+1, 1
0x014E	0xF1B9C1B5  	MOVFF       FARG_hello_world_t, FARG_show_t
0x0152	0xF1BAC1B6  	MOVFF       FARG_hello_world_t+1, FARG_show_t+1
0x0156	0xDF71      	RCALL       _show
;good morning.c,100 :: 		elay_us(t);
0x0158	0xF1BDC1B5  	MOVFF       FARG_hello_world_t, FARG_elay_us_n
0x015C	0xF1BEC1B6  	MOVFF       FARG_hello_world_t+1, FARG_elay_us_n+1
0x0160	0xDF5D      	RCALL       _elay_us
;good morning.c,101 :: 		show(OO,t);
0x0162	0x0E81      	MOVLW       _OO
0x0164	0x6FB7      	MOVWF       FARG_show_image, 1
0x0166	0x0E01      	MOVLW       hi_addr(_OO)
0x0168	0x6FB8      	MOVWF       FARG_show_image+1, 1
0x016A	0xF1B9C1B5  	MOVFF       FARG_hello_world_t, FARG_show_t
0x016E	0xF1BAC1B6  	MOVFF       FARG_hello_world_t+1, FARG_show_t+1
0x0172	0xDF63      	RCALL       _show
;good morning.c,102 :: 		elay_us(t);
0x0174	0xF1BDC1B5  	MOVFF       FARG_hello_world_t, FARG_elay_us_n
0x0178	0xF1BEC1B6  	MOVFF       FARG_hello_world_t+1, FARG_elay_us_n+1
0x017C	0xDF4F      	RCALL       _elay_us
;good morning.c,103 :: 		show(RR,t);
0x017E	0x0E4F      	MOVLW       _RR
0x0180	0x6FB7      	MOVWF       FARG_show_image, 1
0x0182	0x0E01      	MOVLW       hi_addr(_RR)
0x0184	0x6FB8      	MOVWF       FARG_show_image+1, 1
0x0186	0xF1B9C1B5  	MOVFF       FARG_hello_world_t, FARG_show_t
0x018A	0xF1BAC1B6  	MOVFF       FARG_hello_world_t+1, FARG_show_t+1
0x018E	0xDF55      	RCALL       _show
;good morning.c,104 :: 		elay_us(t);
0x0190	0xF1BDC1B5  	MOVFF       FARG_hello_world_t, FARG_elay_us_n
0x0194	0xF1BEC1B6  	MOVFF       FARG_hello_world_t+1, FARG_elay_us_n+1
0x0198	0xDF41      	RCALL       _elay_us
;good morning.c,105 :: 		show(LL,t);
0x019A	0x0E77      	MOVLW       _LL
0x019C	0x6FB7      	MOVWF       FARG_show_image, 1
0x019E	0x0E01      	MOVLW       hi_addr(_LL)
0x01A0	0x6FB8      	MOVWF       FARG_show_image+1, 1
0x01A2	0xF1B9C1B5  	MOVFF       FARG_hello_world_t, FARG_show_t
0x01A6	0xF1BAC1B6  	MOVFF       FARG_hello_world_t+1, FARG_show_t+1
0x01AA	0xDF47      	RCALL       _show
;good morning.c,106 :: 		elay_us(t);
0x01AC	0xF1BDC1B5  	MOVFF       FARG_hello_world_t, FARG_elay_us_n
0x01B0	0xF1BEC1B6  	MOVFF       FARG_hello_world_t+1, FARG_elay_us_n+1
0x01B4	0xDF33      	RCALL       _elay_us
;good morning.c,107 :: 		show(DD,t);
0x01B6	0x0E59      	MOVLW       _DD
0x01B8	0x6FB7      	MOVWF       FARG_show_image, 1
0x01BA	0x0E01      	MOVLW       hi_addr(_DD)
0x01BC	0x6FB8      	MOVWF       FARG_show_image+1, 1
0x01BE	0xF1B9C1B5  	MOVFF       FARG_hello_world_t, FARG_show_t
0x01C2	0xF1BAC1B6  	MOVFF       FARG_hello_world_t+1, FARG_show_t+1
0x01C6	0xDF39      	RCALL       _show
;good morning.c,108 :: 		elay_us(t);
0x01C8	0xF1BDC1B5  	MOVFF       FARG_hello_world_t, FARG_elay_us_n
0x01CC	0xF1BEC1B6  	MOVFF       FARG_hello_world_t+1, FARG_elay_us_n+1
0x01D0	0xDF25      	RCALL       _elay_us
;good morning.c,109 :: 		show(Space,t);
0x01D2	0x0E8B      	MOVLW       _Space
0x01D4	0x6FB7      	MOVWF       FARG_show_image, 1
0x01D6	0x0E01      	MOVLW       hi_addr(_Space)
0x01D8	0x6FB8      	MOVWF       FARG_show_image+1, 1
0x01DA	0xF1B9C1B5  	MOVFF       FARG_hello_world_t, FARG_show_t
0x01DE	0xF1BAC1B6  	MOVFF       FARG_hello_world_t+1, FARG_show_t+1
0x01E2	0xDF2B      	RCALL       _show
;good morning.c,110 :: 		elay_us(t);
0x01E4	0xF1BDC1B5  	MOVFF       FARG_hello_world_t, FARG_elay_us_n
0x01E8	0xF1BEC1B6  	MOVFF       FARG_hello_world_t+1, FARG_elay_us_n+1
0x01EC	0xDF17      	RCALL       _elay_us
;good morning.c,111 :: 		show(Space,t);
0x01EE	0x0E8B      	MOVLW       _Space
0x01F0	0x6FB7      	MOVWF       FARG_show_image, 1
0x01F2	0x0E01      	MOVLW       hi_addr(_Space)
0x01F4	0x6FB8      	MOVWF       FARG_show_image+1, 1
0x01F6	0xF1B9C1B5  	MOVFF       FARG_hello_world_t, FARG_show_t
0x01FA	0xF1BAC1B6  	MOVFF       FARG_hello_world_t+1, FARG_show_t+1
0x01FE	0xDF1D      	RCALL       _show
;good morning.c,112 :: 		elay_us(t);
0x0200	0xF1BDC1B5  	MOVFF       FARG_hello_world_t, FARG_elay_us_n
0x0204	0xF1BEC1B6  	MOVFF       FARG_hello_world_t+1, FARG_elay_us_n+1
0x0208	0xDF09      	RCALL       _elay_us
;good morning.c,113 :: 		show(Space,t);
0x020A	0x0E8B      	MOVLW       _Space
0x020C	0x6FB7      	MOVWF       FARG_show_image, 1
0x020E	0x0E01      	MOVLW       hi_addr(_Space)
0x0210	0x6FB8      	MOVWF       FARG_show_image+1, 1
0x0212	0xF1B9C1B5  	MOVFF       FARG_hello_world_t, FARG_show_t
0x0216	0xF1BAC1B6  	MOVFF       FARG_hello_world_t+1, FARG_show_t+1
0x021A	0xDF0F      	RCALL       _show
;good morning.c,114 :: 		elay_us(t);
0x021C	0xF1BDC1B5  	MOVFF       FARG_hello_world_t, FARG_elay_us_n
0x0220	0xF1BEC1B6  	MOVFF       FARG_hello_world_t+1, FARG_elay_us_n+1
0x0224	0xDEFB      	RCALL       _elay_us
;good morning.c,115 :: 		show(Space,t);
0x0226	0x0E8B      	MOVLW       _Space
0x0228	0x6FB7      	MOVWF       FARG_show_image, 1
0x022A	0x0E01      	MOVLW       hi_addr(_Space)
0x022C	0x6FB8      	MOVWF       FARG_show_image+1, 1
0x022E	0xF1B9C1B5  	MOVFF       FARG_hello_world_t, FARG_show_t
0x0232	0xF1BAC1B6  	MOVFF       FARG_hello_world_t+1, FARG_show_t+1
0x0236	0xDF01      	RCALL       _show
;good morning.c,116 :: 		elay_us(t);
0x0238	0xF1BDC1B5  	MOVFF       FARG_hello_world_t, FARG_elay_us_n
0x023C	0xF1BEC1B6  	MOVFF       FARG_hello_world_t+1, FARG_elay_us_n+1
0x0240	0xDEED      	RCALL       _elay_us
;good morning.c,117 :: 		show(Space,t);
0x0242	0x0E8B      	MOVLW       _Space
0x0244	0x6FB7      	MOVWF       FARG_show_image, 1
0x0246	0x0E01      	MOVLW       hi_addr(_Space)
0x0248	0x6FB8      	MOVWF       FARG_show_image+1, 1
0x024A	0xF1B9C1B5  	MOVFF       FARG_hello_world_t, FARG_show_t
0x024E	0xF1BAC1B6  	MOVFF       FARG_hello_world_t+1, FARG_show_t+1
0x0252	0xDEF3      	RCALL       _show
;good morning.c,118 :: 		elay_us(t);
0x0254	0xF1BDC1B5  	MOVFF       FARG_hello_world_t, FARG_elay_us_n
0x0258	0xF1BEC1B6  	MOVFF       FARG_hello_world_t+1, FARG_elay_us_n+1
0x025C	0xDEDF      	RCALL       _elay_us
;good morning.c,119 :: 		show(Space,t);
0x025E	0x0E8B      	MOVLW       _Space
0x0260	0x6FB7      	MOVWF       FARG_show_image, 1
0x0262	0x0E01      	MOVLW       hi_addr(_Space)
0x0264	0x6FB8      	MOVWF       FARG_show_image+1, 1
0x0266	0xF1B9C1B5  	MOVFF       FARG_hello_world_t, FARG_show_t
0x026A	0xF1BAC1B6  	MOVFF       FARG_hello_world_t+1, FARG_show_t+1
0x026E	0xDEE5      	RCALL       _show
;good morning.c,120 :: 		elay_us(t);
0x0270	0xF1BDC1B5  	MOVFF       FARG_hello_world_t, FARG_elay_us_n
0x0274	0xF1BEC1B6  	MOVFF       FARG_hello_world_t+1, FARG_elay_us_n+1
0x0278	0xDED1      	RCALL       _elay_us
;good morning.c,121 :: 		show(Space,t);
0x027A	0x0E8B      	MOVLW       _Space
0x027C	0x6FB7      	MOVWF       FARG_show_image, 1
0x027E	0x0E01      	MOVLW       hi_addr(_Space)
0x0280	0x6FB8      	MOVWF       FARG_show_image+1, 1
0x0282	0xF1B9C1B5  	MOVFF       FARG_hello_world_t, FARG_show_t
0x0286	0xF1BAC1B6  	MOVFF       FARG_hello_world_t+1, FARG_show_t+1
0x028A	0xDED7      	RCALL       _show
;good morning.c,122 :: 		elay_us(t);
0x028C	0xF1BDC1B5  	MOVFF       FARG_hello_world_t, FARG_elay_us_n
0x0290	0xF1BEC1B6  	MOVFF       FARG_hello_world_t+1, FARG_elay_us_n+1
0x0294	0xDEC3      	RCALL       _elay_us
;good morning.c,123 :: 		show(Space,t);
0x0296	0x0E8B      	MOVLW       _Space
0x0298	0x6FB7      	MOVWF       FARG_show_image, 1
0x029A	0x0E01      	MOVLW       hi_addr(_Space)
0x029C	0x6FB8      	MOVWF       FARG_show_image+1, 1
0x029E	0xF1B9C1B5  	MOVFF       FARG_hello_world_t, FARG_show_t
0x02A2	0xF1BAC1B6  	MOVFF       FARG_hello_world_t+1, FARG_show_t+1
0x02A6	0xDEC9      	RCALL       _show
;good morning.c,124 :: 		elay_us(t);
0x02A8	0xF1BDC1B5  	MOVFF       FARG_hello_world_t, FARG_elay_us_n
0x02AC	0xF1BEC1B6  	MOVFF       FARG_hello_world_t+1, FARG_elay_us_n+1
0x02B0	0xDEB5      	RCALL       _elay_us
;good morning.c,125 :: 		show(Space,t);
0x02B2	0x0E8B      	MOVLW       _Space
0x02B4	0x6FB7      	MOVWF       FARG_show_image, 1
0x02B6	0x0E01      	MOVLW       hi_addr(_Space)
0x02B8	0x6FB8      	MOVWF       FARG_show_image+1, 1
0x02BA	0xF1B9C1B5  	MOVFF       FARG_hello_world_t, FARG_show_t
0x02BE	0xF1BAC1B6  	MOVFF       FARG_hello_world_t+1, FARG_show_t+1
0x02C2	0xDEBB      	RCALL       _show
;good morning.c,126 :: 		elay_us(t);
0x02C4	0xF1BDC1B5  	MOVFF       FARG_hello_world_t, FARG_elay_us_n
0x02C8	0xF1BEC1B6  	MOVFF       FARG_hello_world_t+1, FARG_elay_us_n+1
0x02CC	0xDEA7      	RCALL       _elay_us
;good morning.c,127 :: 		}
L_end_hello_world:
0x02CE	0x0012      	RETURN      0
; end of _hello_world
___CC2DW:
;__Lib_System.c,21 :: 		
;__Lib_System.c,23 :: 		
_CC2DL_Loop1:
;__Lib_System.c,24 :: 		
0x02D0	0x0009      	TBLRD*+
;__Lib_System.c,25 :: 		
0x02D2	0xFFE6CFF5  	MOVFF       TABLAT, POSTINC1
;__Lib_System.c,26 :: 		
0x02D6	0x0600      	DECF        R0, 1, 0
;__Lib_System.c,27 :: 		
0x02D8	0xE1FB      	BNZ         _CC2DL_Loop1
;__Lib_System.c,28 :: 		
0x02DA	0x0601      	DECF        R1, 1, 0
;__Lib_System.c,29 :: 		
0x02DC	0xE1F9      	BNZ         _CC2DL_Loop1
;__Lib_System.c,31 :: 		
L_end___CC2DW:
0x02DE	0x0012      	RETURN      0
; end of ___CC2DW
_UART1_Init:
;__Lib_UART_c67.c,15 :: 		
;__Lib_UART_c67.c,18 :: 		
0x02E0	0x0EFF      	MOVLW       _UART1_Write
0x02E2	0x0101      	MOVLB       1
0x02E4	0x6FAB      	MOVWF       _UART_Wr_Ptr, 1
0x02E6	0x0EFF      	MOVLW       hi_addr(_UART1_Write)
0x02E8	0x6FAC      	MOVWF       _UART_Wr_Ptr+1, 1
0x02EA	0x0EFF      	MOVLW       FARG_UART1_Write_data_
0x02EC	0x6FAD      	MOVWF       _UART_Wr_Ptr+2, 1
0x02EE	0x0EFF      	MOVLW       hi_addr(FARG_UART1_Write_data_)
0x02F0	0x6FAE      	MOVWF       _UART_Wr_Ptr+3, 1
;__Lib_UART_c67.c,19 :: 		
0x02F2	0x0E8A      	MOVLW       _UART1_Read
0x02F4	0x6FAF      	MOVWF       _UART_Rd_Ptr, 1
0x02F6	0x0E00      	MOVLW       hi_addr(_UART1_Read)
0x02F8	0x6FB0      	MOVWF       _UART_Rd_Ptr+1, 1
0x02FA	0x0E00      	MOVLW       0
0x02FC	0x6FB1      	MOVWF       _UART_Rd_Ptr+2, 1
0x02FE	0x0E00      	MOVLW       0
0x0300	0x6FB2      	MOVWF       _UART_Rd_Ptr+3, 1
;__Lib_UART_c67.c,20 :: 		
0x0302	0x0E38      	MOVLW       _UART1_Data_Ready
0x0304	0x6FA3      	MOVWF       _UART_Rdy_Ptr, 1
0x0306	0x0E03      	MOVLW       hi_addr(_UART1_Data_Ready)
0x0308	0x6FA4      	MOVWF       _UART_Rdy_Ptr+1, 1
0x030A	0x0E00      	MOVLW       0
0x030C	0x6FA5      	MOVWF       _UART_Rdy_Ptr+2, 1
0x030E	0x0E00      	MOVLW       0
0x0310	0x6FA6      	MOVWF       _UART_Rdy_Ptr+3, 1
;__Lib_UART_c67.c,21 :: 		
0x0312	0x0EFF      	MOVLW       _UART1_Tx_Idle
0x0314	0x6FA7      	MOVWF       _UART_Tx_Idle_Ptr, 1
0x0316	0x0EFF      	MOVLW       hi_addr(_UART1_Tx_Idle)
0x0318	0x6FA8      	MOVWF       _UART_Tx_Idle_Ptr+1, 1
0x031A	0x0E00      	MOVLW       0
0x031C	0x6FA9      	MOVWF       _UART_Tx_Idle_Ptr+2, 1
0x031E	0x0E00      	MOVLW       0
0x0320	0x6FAA      	MOVWF       _UART_Tx_Idle_Ptr+3, 1
;__Lib_UART_c67.c,23 :: 		
0x0322	0x8AAC      	BSF         TXSTA, 5 
;__Lib_UART_c67.c,24 :: 		
0x0324	0x0E90      	MOVLW       144
0x0326	0x6EAB      	MOVWF       RCSTA 
;__Lib_UART_c67.c,25 :: 		
0x0328	0x8E94      	BSF         TRISC7_bit, BitPos(TRISC7_bit+0) 
;__Lib_UART_c67.c,26 :: 		
0x032A	0x9C94      	BCF         TRISC6_bit, BitPos(TRISC6_bit+0) 
;__Lib_UART_c67.c,28 :: 		
L_UART1_Init0:
0x032C	0xAA9E      	BTFSS       PIR1, 5 
0x032E	0xD003      	BRA         L_UART1_Init1
;__Lib_UART_c67.c,29 :: 		
0x0330	0xF000CFAE  	MOVFF       RCREG, R0
0x0334	0xD7FB      	BRA         L_UART1_Init0
L_UART1_Init1:
;__Lib_UART_c67.c,30 :: 		
L_end_UART1_Init:
0x0336	0x0012      	RETURN      0
; end of _UART1_Init
_UART1_Data_Ready:
;__Lib_UART_c67.c,34 :: 		
;__Lib_UART_c67.c,35 :: 		
0x0338	0x0E00      	MOVLW       0
0x033A	0xBA9E      	BTFSC       PIR1, 5 
0x033C	0x0E01      	MOVLW       1
0x033E	0x6E00      	MOVWF       R0 
;__Lib_UART_c67.c,36 :: 		
L_end_UART1_Data_Ready:
0x0340	0x0012      	RETURN      0
; end of _UART1_Data_Ready
_main:
0x0342	0xF007EC1D  	CALL        3642, 0
;good morning.c,129 :: 		void main()
;good morning.c,131 :: 		TRISA=0xFF;
0x0346	0x0EFF      	MOVLW       255
0x0348	0x6E92      	MOVWF       TRISA 
;good morning.c,132 :: 		TRISB=0x00;
0x034A	0x6A93      	CLRF        TRISB 
;good morning.c,133 :: 		PORTB=0x00;
0x034C	0x6A81      	CLRF        PORTB 
;good morning.c,134 :: 		TRISC.RC6 = 0x00; //TX pin set as output
0x034E	0x9C94      	BCF         TRISC, 6 
;good morning.c,135 :: 		TRISC.RC7 = 0xFF; //RX pin set as input
0x0350	0x8E94      	BSF         TRISC, 7 
;good morning.c,136 :: 		UART1_Init(9600);
0x0352	0x86B8      	BSF         BAUDCON, 3, 0
0x0354	0x6AB0      	CLRF        SPBRGH 
0x0356	0x0E6A      	MOVLW       106
0x0358	0x6EAF      	MOVWF       SPBRG 
0x035A	0x84AC      	BSF         TXSTA, 2, 0
0x035C	0xDFC1      	RCALL       _UART1_Init
;good morning.c,137 :: 		delay_us(100);             //Delay for UART to become stable
0x035E	0x0E22      	MOVLW       34
0x0360	0x6E0D      	MOVWF       R13, 0
L_main10:
0x0362	0x2E0D      	DECFSZ      R13, 1, 0
0x0364	0xD7FE      	BRA         L_main10
;good morning.c,138 :: 		while(1)
L_main11:
;good morning.c,141 :: 		if (UART1_Data_Ready())    // Bluetooth data recieve
0x0366	0xDFE8      	RCALL       _UART1_Data_Ready
0x0368	0x5200      	MOVF        R0, 1 
0x036A	0xE02C      	BZ          L_main13
;good morning.c,143 :: 		ch[size1] = UART1_Read();
0x036C	0x0E71      	MOVLW       _ch
0x036E	0x0100      	MOVLB       0
0x0370	0x2585      	ADDWF       _size1, 0, 1
0x0372	0x0101      	MOVLB       1
0x0374	0x6FB3      	MOVWF       FLOC__main, 1
0x0376	0x0E00      	MOVLW       hi_addr(_ch)
0x0378	0x0100      	MOVLB       0
0x037A	0x2186      	ADDWFC      _size1+1, 0, 1
0x037C	0x0101      	MOVLB       1
0x037E	0x6FB4      	MOVWF       FLOC__main+1, 1
0x0380	0xDE84      	RCALL       _UART1_Read
0x0382	0xFFE1C1B3  	MOVFF       FLOC__main, FSR1L
0x0386	0xFFE2C1B4  	MOVFF       FLOC__main+1, FSR1H
0x038A	0xFFE6C000  	MOVFF       R0, POSTINC1
;good morning.c,144 :: 		ch[size1+1] = '\0';
0x038E	0x0E01      	MOVLW       1
0x0390	0x0100      	MOVLB       0
0x0392	0x2585      	ADDWF       _size1, 0, 1
0x0394	0x6E00      	MOVWF       R0 
0x0396	0x0E00      	MOVLW       0
0x0398	0x2186      	ADDWFC      _size1+1, 0, 1
0x039A	0x6E01      	MOVWF       R1 
0x039C	0x0E71      	MOVLW       _ch
0x039E	0x2400      	ADDWF       R0, 0 
0x03A0	0x6EE1      	MOVWF       FSR1L 
0x03A2	0x0E00      	MOVLW       hi_addr(_ch)
0x03A4	0x2001      	ADDWFC      R1, 0 
0x03A6	0x6EE2      	MOVWF       FSR1H 
0x03A8	0x6AE6      	CLRF        POSTINC1 
;good morning.c,145 :: 		size1++;
0x03AA	0x4B85      	INFSNZ      _size1, 1, 1
0x03AC	0x2B86      	INCF        _size1+1, 1, 1
;good morning.c,146 :: 		if(size1>=20)
0x03AE	0x0E80      	MOVLW       128
0x03B0	0x1986      	XORWF       _size1+1, 0, 1
0x03B2	0x6E00      	MOVWF       R0 
0x03B4	0x0E80      	MOVLW       128
0x03B6	0x5C00      	SUBWF       R0, 0 
0x03B8	0xE102      	BNZ         L__main92
0x03BA	0x0E14      	MOVLW       20
0x03BC	0x5D85      	SUBWF       _size1, 0, 1
L__main92:
0x03BE	0xE302      	BNC         L_main14
;good morning.c,148 :: 		size1=0;
0x03C0	0x6B85      	CLRF        _size1, 1
0x03C2	0x6B86      	CLRF        _size1+1, 1
;good morning.c,149 :: 		}
L_main14:
;good morning.c,150 :: 		}
L_main13:
;good morning.c,162 :: 		t=30;                   //calculating time delay
0x03C4	0x0E1E      	MOVLW       30
0x03C6	0x0101      	MOVLB       1
0x03C8	0x6FA1      	MOVWF       _t, 1
0x03CA	0x0E00      	MOVLW       0
0x03CC	0x6FA2      	MOVWF       _t+1, 1
;good morning.c,168 :: 		if(size1==0)
0x03CE	0x0E00      	MOVLW       0
0x03D0	0x0100      	MOVLB       0
0x03D2	0x1986      	XORWF       _size1+1, 0, 1
0x03D4	0xE102      	BNZ         L__main93
0x03D6	0x0E00      	MOVLW       0
0x03D8	0x1985      	XORWF       _size1, 0, 1
L__main93:
0x03DA	0xE107      	BNZ         L_main15
;good morning.c,170 :: 		hello_world(t);
0x03DC	0xF1B5C1A1  	MOVFF       _t, FARG_hello_world_t
0x03E0	0xF1B6C1A2  	MOVFF       _t+1, FARG_hello_world_t+1
0x03E4	0xDE5B      	RCALL       _hello_world
;good morning.c,171 :: 		}
0x03E6	0xF006EF54  	GOTO        L_main16
L_main15:
;good morning.c,175 :: 		for(i=0;i<20;i++)
0x03EA	0x0100      	MOVLB       0
0x03EC	0x6B6F      	CLRF        _i, 1
0x03EE	0x6B70      	CLRF        _i+1, 1
L_main17:
0x03F0	0x0E80      	MOVLW       128
0x03F2	0x1970      	XORWF       _i+1, 0, 1
0x03F4	0x6E00      	MOVWF       R0 
0x03F6	0x0E80      	MOVLW       128
0x03F8	0x5C00      	SUBWF       R0, 0 
0x03FA	0xE102      	BNZ         L__main94
0x03FC	0x0E14      	MOVLW       20
0x03FE	0x5D6F      	SUBWF       _i, 0, 1
L__main94:
0x0400	0xB0D8      	BTFSC       STATUS, 0 
0x0402	0xF006EF54  	GOTO        L_main18
;good morning.c,177 :: 		switch(ch[i])             //Identifing the letter
0x0406	0x0E71      	MOVLW       _ch
0x0408	0x256F      	ADDWF       _i, 0, 1
0x040A	0x0101      	MOVLB       1
0x040C	0x6FB3      	MOVWF       FLOC__main, 1
0x040E	0x0E00      	MOVLW       hi_addr(_ch)
0x0410	0x0100      	MOVLB       0
0x0412	0x2170      	ADDWFC      _i+1, 0, 1
0x0414	0x0101      	MOVLB       1
0x0416	0x6FB4      	MOVWF       FLOC__main+1, 1
0x0418	0xD249      	BRA         L_main20
;good morning.c,179 :: 		case 'a':
L_main22:
;good morning.c,180 :: 		case 'A':
L_main23:
;good morning.c,182 :: 		show(AA,t);
0x041A	0x0E87      	MOVLW       _AA
0x041C	0x6FB7      	MOVWF       FARG_show_image, 1
0x041E	0x0E00      	MOVLW       hi_addr(_AA)
0x0420	0x6FB8      	MOVWF       FARG_show_image+1, 1
0x0422	0xF1B9C1A1  	MOVFF       _t, FARG_show_t
0x0426	0xF1BAC1A2  	MOVFF       _t+1, FARG_show_t+1
0x042A	0xDE07      	RCALL       _show
;good morning.c,183 :: 		elay_us(t);
0x042C	0xF1BDC1A1  	MOVFF       _t, FARG_elay_us_n
0x0430	0xF1BEC1A2  	MOVFF       _t+1, FARG_elay_us_n+1
0x0434	0xDDF3      	RCALL       _elay_us
;good morning.c,184 :: 		break;
0x0436	0xF006EF4F  	GOTO        L_main21
;good morning.c,186 :: 		case 'b':
L_main24:
;good morning.c,187 :: 		case 'B':
L_main25:
;good morning.c,189 :: 		show(BB,t);
0x043A	0x0EA5      	MOVLW       _BB
0x043C	0x6FB7      	MOVWF       FARG_show_image, 1
0x043E	0x0E00      	MOVLW       hi_addr(_BB)
0x0440	0x6FB8      	MOVWF       FARG_show_image+1, 1
0x0442	0xF1B9C1A1  	MOVFF       _t, FARG_show_t
0x0446	0xF1BAC1A2  	MOVFF       _t+1, FARG_show_t+1
0x044A	0xDDF7      	RCALL       _show
;good morning.c,190 :: 		elay_us(t);
0x044C	0xF1BDC1A1  	MOVFF       _t, FARG_elay_us_n
0x0450	0xF1BEC1A2  	MOVFF       _t+1, FARG_elay_us_n+1
0x0454	0xDDE3      	RCALL       _elay_us
;good morning.c,191 :: 		break;
0x0456	0xF006EF4F  	GOTO        L_main21
;good morning.c,193 :: 		case 'c':
L_main26:
;good morning.c,194 :: 		case 'C':
L_main27:
;good morning.c,196 :: 		show(CC,t);
0x045A	0x0EAF      	MOVLW       _CC
0x045C	0x6FB7      	MOVWF       FARG_show_image, 1
0x045E	0x0E00      	MOVLW       hi_addr(_CC)
0x0460	0x6FB8      	MOVWF       FARG_show_image+1, 1
0x0462	0xF1B9C1A1  	MOVFF       _t, FARG_show_t
0x0466	0xF1BAC1A2  	MOVFF       _t+1, FARG_show_t+1
0x046A	0xDDE7      	RCALL       _show
;good morning.c,197 :: 		elay_us(t);
0x046C	0xF1BDC1A1  	MOVFF       _t, FARG_elay_us_n
0x0470	0xF1BEC1A2  	MOVFF       _t+1, FARG_elay_us_n+1
0x0474	0xDDD3      	RCALL       _elay_us
;good morning.c,198 :: 		break;
0x0476	0xF006EF4F  	GOTO        L_main21
;good morning.c,200 :: 		case 'd':
L_main28:
;good morning.c,201 :: 		case 'D':
L_main29:
;good morning.c,203 :: 		show(DD,t);
0x047A	0x0E59      	MOVLW       _DD
0x047C	0x6FB7      	MOVWF       FARG_show_image, 1
0x047E	0x0E01      	MOVLW       hi_addr(_DD)
0x0480	0x6FB8      	MOVWF       FARG_show_image+1, 1
0x0482	0xF1B9C1A1  	MOVFF       _t, FARG_show_t
0x0486	0xF1BAC1A2  	MOVFF       _t+1, FARG_show_t+1
0x048A	0xDDD7      	RCALL       _show
;good morning.c,204 :: 		elay_us(t);
0x048C	0xF1BDC1A1  	MOVFF       _t, FARG_elay_us_n
0x0490	0xF1BEC1A2  	MOVFF       _t+1, FARG_elay_us_n+1
0x0494	0xDDC3      	RCALL       _elay_us
;good morning.c,205 :: 		break;
0x0496	0xF006EF4F  	GOTO        L_main21
;good morning.c,207 :: 		case 'e':
L_main30:
;good morning.c,208 :: 		case 'E':
L_main31:
;good morning.c,210 :: 		show(EE,t);
0x049A	0x0E63      	MOVLW       _EE
0x049C	0x6FB7      	MOVWF       FARG_show_image, 1
0x049E	0x0E01      	MOVLW       hi_addr(_EE)
0x04A0	0x6FB8      	MOVWF       FARG_show_image+1, 1
0x04A2	0xF1B9C1A1  	MOVFF       _t, FARG_show_t
0x04A6	0xF1BAC1A2  	MOVFF       _t+1, FARG_show_t+1
0x04AA	0xDDC7      	RCALL       _show
;good morning.c,211 :: 		elay_us(t);
0x04AC	0xF1BDC1A1  	MOVFF       _t, FARG_elay_us_n
0x04B0	0xF1BEC1A2  	MOVFF       _t+1, FARG_elay_us_n+1
0x04B4	0xDDB3      	RCALL       _elay_us
;good morning.c,212 :: 		break;
0x04B6	0xF006EF4F  	GOTO        L_main21
;good morning.c,214 :: 		case 'f':
L_main32:
;good morning.c,215 :: 		case 'F':
L_main33:
;good morning.c,217 :: 		show(FF,t);
0x04BA	0x0E91      	MOVLW       _FF
0x04BC	0x6FB7      	MOVWF       FARG_show_image, 1
0x04BE	0x0E00      	MOVLW       hi_addr(_FF)
0x04C0	0x6FB8      	MOVWF       FARG_show_image+1, 1
0x04C2	0xF1B9C1A1  	MOVFF       _t, FARG_show_t
0x04C6	0xF1BAC1A2  	MOVFF       _t+1, FARG_show_t+1
0x04CA	0xDDB7      	RCALL       _show
;good morning.c,218 :: 		elay_us(t);
0x04CC	0xF1BDC1A1  	MOVFF       _t, FARG_elay_us_n
0x04D0	0xF1BEC1A2  	MOVFF       _t+1, FARG_elay_us_n+1
0x04D4	0xDDA3      	RCALL       _elay_us
;good morning.c,219 :: 		break;
0x04D6	0xF006EF4F  	GOTO        L_main21
;good morning.c,221 :: 		case 'g':
L_main34:
;good morning.c,222 :: 		case 'G':
L_main35:
;good morning.c,224 :: 		show(GG,t);
0x04DA	0x0E9B      	MOVLW       _GG
0x04DC	0x6FB7      	MOVWF       FARG_show_image, 1
0x04DE	0x0E00      	MOVLW       hi_addr(_GG)
0x04E0	0x6FB8      	MOVWF       FARG_show_image+1, 1
0x04E2	0xF1B9C1A1  	MOVFF       _t, FARG_show_t
0x04E6	0xF1BAC1A2  	MOVFF       _t+1, FARG_show_t+1
0x04EA	0xDDA7      	RCALL       _show
;good morning.c,225 :: 		elay_us(t);
0x04EC	0xF1BDC1A1  	MOVFF       _t, FARG_elay_us_n
0x04F0	0xF1BEC1A2  	MOVFF       _t+1, FARG_elay_us_n+1
0x04F4	0xDD93      	RCALL       _elay_us
;good morning.c,226 :: 		break;
0x04F6	0xF006EF4F  	GOTO        L_main21
;good morning.c,228 :: 		case 'h':
L_main36:
;good morning.c,229 :: 		case 'H':
L_main37:
;good morning.c,231 :: 		show(HH,t);
0x04FA	0x0E97      	MOVLW       _HH
0x04FC	0x6FB7      	MOVWF       FARG_show_image, 1
0x04FE	0x0E01      	MOVLW       hi_addr(_HH)
0x0500	0x6FB8      	MOVWF       FARG_show_image+1, 1
0x0502	0xF1B9C1A1  	MOVFF       _t, FARG_show_t
0x0506	0xF1BAC1A2  	MOVFF       _t+1, FARG_show_t+1
0x050A	0xDD97      	RCALL       _show
;good morning.c,232 :: 		elay_us(t);
0x050C	0xF1BDC1A1  	MOVFF       _t, FARG_elay_us_n
0x0510	0xF1BEC1A2  	MOVFF       _t+1, FARG_elay_us_n+1
0x0514	0xDD83      	RCALL       _elay_us
;good morning.c,233 :: 		break;
0x0516	0xD3C3      	BRA         L_main21
;good morning.c,235 :: 		case 'i':
L_main38:
;good morning.c,236 :: 		case 'I':
L_main39:
;good morning.c,238 :: 		show(II,t);
0x0518	0x0E29      	MOVLW       _II
0x051A	0x6FB7      	MOVWF       FARG_show_image, 1
0x051C	0x0E00      	MOVLW       hi_addr(_II)
0x051E	0x6FB8      	MOVWF       FARG_show_image+1, 1
0x0520	0xF1B9C1A1  	MOVFF       _t, FARG_show_t
0x0524	0xF1BAC1A2  	MOVFF       _t+1, FARG_show_t+1
0x0528	0xDD88      	RCALL       _show
;good morning.c,239 :: 		elay_us(t);
0x052A	0xF1BDC1A1  	MOVFF       _t, FARG_elay_us_n
0x052E	0xF1BEC1A2  	MOVFF       _t+1, FARG_elay_us_n+1
0x0532	0xDD74      	RCALL       _elay_us
;good morning.c,240 :: 		break;
0x0534	0xD3B4      	BRA         L_main21
;good morning.c,242 :: 		case 'j':
L_main40:
;good morning.c,243 :: 		case 'J':
L_main41:
;good morning.c,245 :: 		show(JJ,t);
0x0536	0x0E33      	MOVLW       _JJ
0x0538	0x6FB7      	MOVWF       FARG_show_image, 1
0x053A	0x0E00      	MOVLW       hi_addr(_JJ)
0x053C	0x6FB8      	MOVWF       FARG_show_image+1, 1
0x053E	0xF1B9C1A1  	MOVFF       _t, FARG_show_t
0x0542	0xF1BAC1A2  	MOVFF       _t+1, FARG_show_t+1
0x0546	0xDD79      	RCALL       _show
;good morning.c,246 :: 		elay_us(t);
0x0548	0xF1BDC1A1  	MOVFF       _t, FARG_elay_us_n
0x054C	0xF1BEC1A2  	MOVFF       _t+1, FARG_elay_us_n+1
0x0550	0xDD65      	RCALL       _elay_us
;good morning.c,247 :: 		break;
0x0552	0xD3A5      	BRA         L_main21
;good morning.c,249 :: 		case 'k':
L_main42:
;good morning.c,250 :: 		case 'K':
L_main43:
;good morning.c,252 :: 		show(KK,t);
0x0554	0x0E15      	MOVLW       _KK
0x0556	0x6FB7      	MOVWF       FARG_show_image, 1
0x0558	0x0E00      	MOVLW       hi_addr(_KK)
0x055A	0x6FB8      	MOVWF       FARG_show_image+1, 1
0x055C	0xF1B9C1A1  	MOVFF       _t, FARG_show_t
0x0560	0xF1BAC1A2  	MOVFF       _t+1, FARG_show_t+1
0x0564	0xDD6A      	RCALL       _show
;good morning.c,253 :: 		elay_us(t);
0x0566	0xF1BDC1A1  	MOVFF       _t, FARG_elay_us_n
0x056A	0xF1BEC1A2  	MOVFF       _t+1, FARG_elay_us_n+1
0x056E	0xDD56      	RCALL       _elay_us
;good morning.c,254 :: 		break;
0x0570	0xD396      	BRA         L_main21
;good morning.c,256 :: 		case 'l':
L_main44:
;good morning.c,257 :: 		case 'L':
L_main45:
;good morning.c,259 :: 		show(LL,t);
0x0572	0x0E77      	MOVLW       _LL
0x0574	0x6FB7      	MOVWF       FARG_show_image, 1
0x0576	0x0E01      	MOVLW       hi_addr(_LL)
0x0578	0x6FB8      	MOVWF       FARG_show_image+1, 1
0x057A	0xF1B9C1A1  	MOVFF       _t, FARG_show_t
0x057E	0xF1BAC1A2  	MOVFF       _t+1, FARG_show_t+1
0x0582	0xDD5B      	RCALL       _show
;good morning.c,260 :: 		elay_us(t);
0x0584	0xF1BDC1A1  	MOVFF       _t, FARG_elay_us_n
0x0588	0xF1BEC1A2  	MOVFF       _t+1, FARG_elay_us_n+1
0x058C	0xDD47      	RCALL       _elay_us
;good morning.c,261 :: 		break;
0x058E	0xD387      	BRA         L_main21
;good morning.c,263 :: 		case 'm':
L_main46:
;good morning.c,264 :: 		case 'M':
L_main47:
;good morning.c,266 :: 		show(MM,t);
0x0590	0x0E1F      	MOVLW       _MM
0x0592	0x6FB7      	MOVWF       FARG_show_image, 1
0x0594	0x0E00      	MOVLW       hi_addr(_MM)
0x0596	0x6FB8      	MOVWF       FARG_show_image+1, 1
0x0598	0xF1B9C1A1  	MOVFF       _t, FARG_show_t
0x059C	0xF1BAC1A2  	MOVFF       _t+1, FARG_show_t+1
0x05A0	0xDD4C      	RCALL       _show
;good morning.c,267 :: 		elay_us(t);
0x05A2	0xF1BDC1A1  	MOVFF       _t, FARG_elay_us_n
0x05A6	0xF1BEC1A2  	MOVFF       _t+1, FARG_elay_us_n+1
0x05AA	0xDD38      	RCALL       _elay_us
;good morning.c,268 :: 		break;
0x05AC	0xD378      	BRA         L_main21
;good morning.c,270 :: 		case 'n':
L_main48:
;good morning.c,271 :: 		case 'N':
L_main49:
;good morning.c,273 :: 		show(NN,t);
0x05AE	0x0E3D      	MOVLW       _NN
0x05B0	0x6FB7      	MOVWF       FARG_show_image, 1
0x05B2	0x0E00      	MOVLW       hi_addr(_NN)
0x05B4	0x6FB8      	MOVWF       FARG_show_image+1, 1
0x05B6	0xF1B9C1A1  	MOVFF       _t, FARG_show_t
0x05BA	0xF1BAC1A2  	MOVFF       _t+1, FARG_show_t+1
0x05BE	0xDD3D      	RCALL       _show
;good morning.c,274 :: 		elay_us(t);
0x05C0	0xF1BDC1A1  	MOVFF       _t, FARG_elay_us_n
0x05C4	0xF1BEC1A2  	MOVFF       _t+1, FARG_elay_us_n+1
0x05C8	0xDD29      	RCALL       _elay_us
;good morning.c,275 :: 		break;
0x05CA	0xD369      	BRA         L_main21
;good morning.c,277 :: 		case 'o':
L_main50:
;good morning.c,278 :: 		case 'O':
L_main51:
;good morning.c,280 :: 		show(OO,t);
0x05CC	0x0E81      	MOVLW       _OO
0x05CE	0x6FB7      	MOVWF       FARG_show_image, 1
0x05D0	0x0E01      	MOVLW       hi_addr(_OO)
0x05D2	0x6FB8      	MOVWF       FARG_show_image+1, 1
0x05D4	0xF1B9C1A1  	MOVFF       _t, FARG_show_t
0x05D8	0xF1BAC1A2  	MOVFF       _t+1, FARG_show_t+1
0x05DC	0xDD2E      	RCALL       _show
;good morning.c,281 :: 		elay_us(t);
0x05DE	0xF1BDC1A1  	MOVFF       _t, FARG_elay_us_n
0x05E2	0xF1BEC1A2  	MOVFF       _t+1, FARG_elay_us_n+1
0x05E6	0xDD1A      	RCALL       _elay_us
;good morning.c,282 :: 		break;
0x05E8	0xD35A      	BRA         L_main21
;good morning.c,284 :: 		case 'p':
L_main52:
;good morning.c,285 :: 		case 'P':
L_main53:
;good morning.c,287 :: 		show(PP,t);
0x05EA	0x0E5B      	MOVLW       _PP
0x05EC	0x6FB7      	MOVWF       FARG_show_image, 1
0x05EE	0x0E00      	MOVLW       hi_addr(_PP)
0x05F0	0x6FB8      	MOVWF       FARG_show_image+1, 1
0x05F2	0xF1B9C1A1  	MOVFF       _t, FARG_show_t
0x05F6	0xF1BAC1A2  	MOVFF       _t+1, FARG_show_t+1
0x05FA	0xDD1F      	RCALL       _show
;good morning.c,288 :: 		elay_us(t);
0x05FC	0xF1BDC1A1  	MOVFF       _t, FARG_elay_us_n
0x0600	0xF1BEC1A2  	MOVFF       _t+1, FARG_elay_us_n+1
0x0604	0xDD0B      	RCALL       _elay_us
;good morning.c,289 :: 		break;
0x0606	0xD34B      	BRA         L_main21
;good morning.c,291 :: 		case 'q':
L_main54:
;good morning.c,292 :: 		case 'Q':
L_main55:
;good morning.c,294 :: 		show(QQ,t);
0x0608	0x0E65      	MOVLW       _QQ
0x060A	0x6FB7      	MOVWF       FARG_show_image, 1
0x060C	0x0E00      	MOVLW       hi_addr(_QQ)
0x060E	0x6FB8      	MOVWF       FARG_show_image+1, 1
0x0610	0xF1B9C1A1  	MOVFF       _t, FARG_show_t
0x0614	0xF1BAC1A2  	MOVFF       _t+1, FARG_show_t+1
0x0618	0xDD10      	RCALL       _show
;good morning.c,295 :: 		elay_us(t);
0x061A	0xF1BDC1A1  	MOVFF       _t, FARG_elay_us_n
0x061E	0xF1BEC1A2  	MOVFF       _t+1, FARG_elay_us_n+1
0x0622	0xDCFC      	RCALL       _elay_us
;good morning.c,296 :: 		break;
0x0624	0xD33C      	BRA         L_main21
;good morning.c,298 :: 		case 'r':
L_main56:
;good morning.c,299 :: 		case 'R':
L_main57:
;good morning.c,301 :: 		show(RR,t);
0x0626	0x0E4F      	MOVLW       _RR
0x0628	0x6FB7      	MOVWF       FARG_show_image, 1
0x062A	0x0E01      	MOVLW       hi_addr(_RR)
0x062C	0x6FB8      	MOVWF       FARG_show_image+1, 1
0x062E	0xF1B9C1A1  	MOVFF       _t, FARG_show_t
0x0632	0xF1BAC1A2  	MOVFF       _t+1, FARG_show_t+1
0x0636	0xDD01      	RCALL       _show
;good morning.c,302 :: 		elay_us(t);
0x0638	0xF1BDC1A1  	MOVFF       _t, FARG_elay_us_n
0x063C	0xF1BEC1A2  	MOVFF       _t+1, FARG_elay_us_n+1
0x0640	0xDCED      	RCALL       _elay_us
;good morning.c,303 :: 		break;
0x0642	0xD32D      	BRA         L_main21
;good morning.c,305 :: 		case 's':
L_main58:
;good morning.c,306 :: 		case 'S':
L_main59:
;good morning.c,308 :: 		show(SS,t);
0x0644	0x0E47      	MOVLW       _SS
0x0646	0x6FB7      	MOVWF       FARG_show_image, 1
0x0648	0x0E00      	MOVLW       hi_addr(_SS)
0x064A	0x6FB8      	MOVWF       FARG_show_image+1, 1
0x064C	0xF1B9C1A1  	MOVFF       _t, FARG_show_t
0x0650	0xF1BAC1A2  	MOVFF       _t+1, FARG_show_t+1
0x0654	0xDCF2      	RCALL       _show
;good morning.c,309 :: 		elay_us(t);
0x0656	0xF1BDC1A1  	MOVFF       _t, FARG_elay_us_n
0x065A	0xF1BEC1A2  	MOVFF       _t+1, FARG_elay_us_n+1
0x065E	0xDCDE      	RCALL       _elay_us
;good morning.c,310 :: 		break;
0x0660	0xD31E      	BRA         L_main21
;good morning.c,312 :: 		case 't':
L_main60:
;good morning.c,313 :: 		case 'T':
L_main61:
;good morning.c,315 :: 		show(TT,t);
0x0662	0x0E51      	MOVLW       _TT
0x0664	0x6FB7      	MOVWF       FARG_show_image, 1
0x0666	0x0E00      	MOVLW       hi_addr(_TT)
0x0668	0x6FB8      	MOVWF       FARG_show_image+1, 1
0x066A	0xF1B9C1A1  	MOVFF       _t, FARG_show_t
0x066E	0xF1BAC1A2  	MOVFF       _t+1, FARG_show_t+1
0x0672	0xDCE3      	RCALL       _show
;good morning.c,316 :: 		elay_us(t);
0x0674	0xF1BDC1A1  	MOVFF       _t, FARG_elay_us_n
0x0678	0xF1BEC1A2  	MOVFF       _t+1, FARG_elay_us_n+1
0x067C	0xDCCF      	RCALL       _elay_us
;good morning.c,317 :: 		break;
0x067E	0xD30F      	BRA         L_main21
;good morning.c,319 :: 		case 'u':
L_main62:
;good morning.c,320 :: 		case 'U':
L_main63:
;good morning.c,322 :: 		show(UU,t);
0x0680	0x0EB9      	MOVLW       _UU
0x0682	0x6FB7      	MOVWF       FARG_show_image, 1
0x0684	0x0E00      	MOVLW       hi_addr(_UU)
0x0686	0x6FB8      	MOVWF       FARG_show_image+1, 1
0x0688	0xF1B9C1A1  	MOVFF       _t, FARG_show_t
0x068C	0xF1BAC1A2  	MOVFF       _t+1, FARG_show_t+1
0x0690	0xDCD4      	RCALL       _show
;good morning.c,323 :: 		elay_us(t);
0x0692	0xF1BDC1A1  	MOVFF       _t, FARG_elay_us_n
0x0696	0xF1BEC1A2  	MOVFF       _t+1, FARG_elay_us_n+1
0x069A	0xDCC0      	RCALL       _elay_us
;good morning.c,324 :: 		break;
0x069C	0xD300      	BRA         L_main21
;good morning.c,326 :: 		case 'v':
L_main64:
;good morning.c,327 :: 		case 'V':
L_main65:
;good morning.c,329 :: 		show(VV,t);
0x069E	0x0E09      	MOVLW       _VV
0x06A0	0x6FB7      	MOVWF       FARG_show_image, 1
0x06A2	0x0E01      	MOVLW       hi_addr(_VV)
0x06A4	0x6FB8      	MOVWF       FARG_show_image+1, 1
0x06A6	0xF1B9C1A1  	MOVFF       _t, FARG_show_t
0x06AA	0xF1BAC1A2  	MOVFF       _t+1, FARG_show_t+1
0x06AE	0xDCC5      	RCALL       _show
;good morning.c,330 :: 		elay_us(t);
0x06B0	0xF1BDC1A1  	MOVFF       _t, FARG_elay_us_n
0x06B4	0xF1BEC1A2  	MOVFF       _t+1, FARG_elay_us_n+1
0x06B8	0xDCB1      	RCALL       _elay_us
;good morning.c,331 :: 		break;
0x06BA	0xD2F1      	BRA         L_main21
;good morning.c,333 :: 		case 'w':
L_main66:
;good morning.c,334 :: 		case 'W':
L_main67:
;good morning.c,336 :: 		show(WW,t);
0x06BC	0x0E6D      	MOVLW       _WW
0x06BE	0x6FB7      	MOVWF       FARG_show_image, 1
0x06C0	0x0E01      	MOVLW       hi_addr(_WW)
0x06C2	0x6FB8      	MOVWF       FARG_show_image+1, 1
0x06C4	0xF1B9C1A1  	MOVFF       _t, FARG_show_t
0x06C8	0xF1BAC1A2  	MOVFF       _t+1, FARG_show_t+1
0x06CC	0xDCB6      	RCALL       _show
;good morning.c,337 :: 		elay_us(t);
0x06CE	0xF1BDC1A1  	MOVFF       _t, FARG_elay_us_n
0x06D2	0xF1BEC1A2  	MOVFF       _t+1, FARG_elay_us_n+1
0x06D6	0xDCA2      	RCALL       _elay_us
;good morning.c,338 :: 		break;
0x06D8	0xD2E2      	BRA         L_main21
;good morning.c,340 :: 		case 'x':
L_main68:
;good morning.c,341 :: 		case 'X':
L_main69:
;good morning.c,343 :: 		show(XX,t);
0x06DA	0x0E13      	MOVLW       _XX
0x06DC	0x6FB7      	MOVWF       FARG_show_image, 1
0x06DE	0x0E01      	MOVLW       hi_addr(_XX)
0x06E0	0x6FB8      	MOVWF       FARG_show_image+1, 1
0x06E2	0xF1B9C1A1  	MOVFF       _t, FARG_show_t
0x06E6	0xF1BAC1A2  	MOVFF       _t+1, FARG_show_t+1
0x06EA	0xDCA7      	RCALL       _show
;good morning.c,344 :: 		elay_us(t);
0x06EC	0xF1BDC1A1  	MOVFF       _t, FARG_elay_us_n
0x06F0	0xF1BEC1A2  	MOVFF       _t+1, FARG_elay_us_n+1
0x06F4	0xDC93      	RCALL       _elay_us
;good morning.c,345 :: 		break;
0x06F6	0xD2D3      	BRA         L_main21
;good morning.c,347 :: 		case 'y':
L_main70:
;good morning.c,348 :: 		case 'Y':
L_main71:
;good morning.c,350 :: 		show(YY,t);
0x06F8	0x0EF5      	MOVLW       _YY
0x06FA	0x6FB7      	MOVWF       FARG_show_image, 1
0x06FC	0x0E00      	MOVLW       hi_addr(_YY)
0x06FE	0x6FB8      	MOVWF       FARG_show_image+1, 1
0x0700	0xF1B9C1A1  	MOVFF       _t, FARG_show_t
0x0704	0xF1BAC1A2  	MOVFF       _t+1, FARG_show_t+1
0x0708	0xDC98      	RCALL       _show
;good morning.c,351 :: 		elay_us(t);
0x070A	0xF1BDC1A1  	MOVFF       _t, FARG_elay_us_n
0x070E	0xF1BEC1A2  	MOVFF       _t+1, FARG_elay_us_n+1
0x0712	0xDC84      	RCALL       _elay_us
;good morning.c,352 :: 		break;
0x0714	0xD2C4      	BRA         L_main21
;good morning.c,354 :: 		case 'z':
L_main72:
;good morning.c,355 :: 		case 'Z':
L_main73:
;good morning.c,357 :: 		show(ZZ,t);
0x0716	0x0EFF      	MOVLW       _ZZ
0x0718	0x6FB7      	MOVWF       FARG_show_image, 1
0x071A	0x0E00      	MOVLW       hi_addr(_ZZ)
0x071C	0x6FB8      	MOVWF       FARG_show_image+1, 1
0x071E	0xF1B9C1A1  	MOVFF       _t, FARG_show_t
0x0722	0xF1BAC1A2  	MOVFF       _t+1, FARG_show_t+1
0x0726	0xDC89      	RCALL       _show
;good morning.c,358 :: 		elay_us(t);
0x0728	0xF1BDC1A1  	MOVFF       _t, FARG_elay_us_n
0x072C	0xF1BEC1A2  	MOVFF       _t+1, FARG_elay_us_n+1
0x0730	0xDC75      	RCALL       _elay_us
;good morning.c,359 :: 		break;
0x0732	0xD2B5      	BRA         L_main21
;good morning.c,361 :: 		case ' ':
L_main74:
;good morning.c,363 :: 		show(Space,t);
0x0734	0x0E8B      	MOVLW       _Space
0x0736	0x6FB7      	MOVWF       FARG_show_image, 1
0x0738	0x0E01      	MOVLW       hi_addr(_Space)
0x073A	0x6FB8      	MOVWF       FARG_show_image+1, 1
0x073C	0xF1B9C1A1  	MOVFF       _t, FARG_show_t
0x0740	0xF1BAC1A2  	MOVFF       _t+1, FARG_show_t+1
0x0744	0xDC7A      	RCALL       _show
;good morning.c,364 :: 		elay_us(t);
0x0746	0xF1BDC1A1  	MOVFF       _t, FARG_elay_us_n
0x074A	0xF1BEC1A2  	MOVFF       _t+1, FARG_elay_us_n+1
0x074E	0xDC66      	RCALL       _elay_us
;good morning.c,365 :: 		break;
0x0750	0xD2A6      	BRA         L_main21
;good morning.c,367 :: 		case '0':
L_main75:
;good morning.c,369 :: 		show(Zero,t);
0x0752	0x0E1D      	MOVLW       _Zero
0x0754	0x6FB7      	MOVWF       FARG_show_image, 1
0x0756	0x0E01      	MOVLW       hi_addr(_Zero)
0x0758	0x6FB8      	MOVWF       FARG_show_image+1, 1
0x075A	0xF1B9C1A1  	MOVFF       _t, FARG_show_t
0x075E	0xF1BAC1A2  	MOVFF       _t+1, FARG_show_t+1
0x0762	0xDC6B      	RCALL       _show
;good morning.c,370 :: 		elay_us(t);
0x0764	0xF1BDC1A1  	MOVFF       _t, FARG_elay_us_n
0x0768	0xF1BEC1A2  	MOVFF       _t+1, FARG_elay_us_n+1
0x076C	0xDC57      	RCALL       _elay_us
;good morning.c,371 :: 		break;
0x076E	0xD297      	BRA         L_main21
;good morning.c,373 :: 		case '1':
L_main76:
;good morning.c,375 :: 		show(One,t);
0x0770	0x0E3B      	MOVLW       _One
0x0772	0x6FB7      	MOVWF       FARG_show_image, 1
0x0774	0x0E01      	MOVLW       hi_addr(_One)
0x0776	0x6FB8      	MOVWF       FARG_show_image+1, 1
0x0778	0xF1B9C1A1  	MOVFF       _t, FARG_show_t
0x077C	0xF1BAC1A2  	MOVFF       _t+1, FARG_show_t+1
0x0780	0xDC5C      	RCALL       _show
;good morning.c,376 :: 		elay_us(t);
0x0782	0xF1BDC1A1  	MOVFF       _t, FARG_elay_us_n
0x0786	0xF1BEC1A2  	MOVFF       _t+1, FARG_elay_us_n+1
0x078A	0xDC48      	RCALL       _elay_us
;good morning.c,377 :: 		break;
0x078C	0xD288      	BRA         L_main21
;good morning.c,379 :: 		case '2':
L_main77:
;good morning.c,381 :: 		show(Two,t);
0x078E	0x0E45      	MOVLW       _Two
0x0790	0x6FB7      	MOVWF       FARG_show_image, 1
0x0792	0x0E01      	MOVLW       hi_addr(_Two)
0x0794	0x6FB8      	MOVWF       FARG_show_image+1, 1
0x0796	0xF1B9C1A1  	MOVFF       _t, FARG_show_t
0x079A	0xF1BAC1A2  	MOVFF       _t+1, FARG_show_t+1
0x079E	0xDC4D      	RCALL       _show
;good morning.c,382 :: 		elay_us(t);
0x07A0	0xF1BDC1A1  	MOVFF       _t, FARG_elay_us_n
0x07A4	0xF1BEC1A2  	MOVFF       _t+1, FARG_elay_us_n+1
0x07A8	0xDC39      	RCALL       _elay_us
;good morning.c,383 :: 		break;
0x07AA	0xD279      	BRA         L_main21
;good morning.c,385 :: 		case '3':
L_main78:
;good morning.c,387 :: 		show(Three,t);
0x07AC	0x0E27      	MOVLW       _Three
0x07AE	0x6FB7      	MOVWF       FARG_show_image, 1
0x07B0	0x0E01      	MOVLW       hi_addr(_Three)
0x07B2	0x6FB8      	MOVWF       FARG_show_image+1, 1
0x07B4	0xF1B9C1A1  	MOVFF       _t, FARG_show_t
0x07B8	0xF1BAC1A2  	MOVFF       _t+1, FARG_show_t+1
0x07BC	0xDC3E      	RCALL       _show
;good morning.c,388 :: 		elay_us(t);
0x07BE	0xF1BDC1A1  	MOVFF       _t, FARG_elay_us_n
0x07C2	0xF1BEC1A2  	MOVFF       _t+1, FARG_elay_us_n+1
0x07C6	0xDC2A      	RCALL       _elay_us
;good morning.c,389 :: 		break;
0x07C8	0xD26A      	BRA         L_main21
;good morning.c,391 :: 		case '4':
L_main79:
;good morning.c,393 :: 		show(Four,t);
0x07CA	0x0E31      	MOVLW       _Four
0x07CC	0x6FB7      	MOVWF       FARG_show_image, 1
0x07CE	0x0E01      	MOVLW       hi_addr(_Four)
0x07D0	0x6FB8      	MOVWF       FARG_show_image+1, 1
0x07D2	0xF1B9C1A1  	MOVFF       _t, FARG_show_t
0x07D6	0xF1BAC1A2  	MOVFF       _t+1, FARG_show_t+1
0x07DA	0xDC2F      	RCALL       _show
;good morning.c,394 :: 		elay_us(t);
0x07DC	0xF1BDC1A1  	MOVFF       _t, FARG_elay_us_n
0x07E0	0xF1BEC1A2  	MOVFF       _t+1, FARG_elay_us_n+1
0x07E4	0xDC1B      	RCALL       _elay_us
;good morning.c,395 :: 		break;
0x07E6	0xD25B      	BRA         L_main21
;good morning.c,397 :: 		case '5':
L_main80:
;good morning.c,399 :: 		show(Five,t);
0x07E8	0x0ED7      	MOVLW       _Five
0x07EA	0x6FB7      	MOVWF       FARG_show_image, 1
0x07EC	0x0E00      	MOVLW       hi_addr(_Five)
0x07EE	0x6FB8      	MOVWF       FARG_show_image+1, 1
0x07F0	0xF1B9C1A1  	MOVFF       _t, FARG_show_t
0x07F4	0xF1BAC1A2  	MOVFF       _t+1, FARG_show_t+1
0x07F8	0xDC20      	RCALL       _show
;good morning.c,400 :: 		elay_us(t);
0x07FA	0xF1BDC1A1  	MOVFF       _t, FARG_elay_us_n
0x07FE	0xF1BEC1A2  	MOVFF       _t+1, FARG_elay_us_n+1
0x0802	0xDC0C      	RCALL       _elay_us
;good morning.c,401 :: 		break;
0x0804	0xD24C      	BRA         L_main21
;good morning.c,403 :: 		case '6':
L_main81:
;good morning.c,405 :: 		show(Six,t);
0x0806	0x0EE1      	MOVLW       _Six
0x0808	0x6FB7      	MOVWF       FARG_show_image, 1
0x080A	0x0E00      	MOVLW       hi_addr(_Six)
0x080C	0x6FB8      	MOVWF       FARG_show_image+1, 1
0x080E	0xF1B9C1A1  	MOVFF       _t, FARG_show_t
0x0812	0xF1BAC1A2  	MOVFF       _t+1, FARG_show_t+1
0x0816	0xDC11      	RCALL       _show
;good morning.c,406 :: 		elay_us(t);
0x0818	0xF1BDC1A1  	MOVFF       _t, FARG_elay_us_n
0x081C	0xF1BEC1A2  	MOVFF       _t+1, FARG_elay_us_n+1
0x0820	0xF000EC0E  	CALL        _elay_us, 0
;good morning.c,407 :: 		break;
0x0824	0xD23C      	BRA         L_main21
;good morning.c,409 :: 		case '7':
L_main82:
;good morning.c,411 :: 		show(Seven,t);
0x0826	0x0EC3      	MOVLW       _Seven
0x0828	0x6FB7      	MOVWF       FARG_show_image, 1
0x082A	0x0E00      	MOVLW       hi_addr(_Seven)
0x082C	0x6FB8      	MOVWF       FARG_show_image+1, 1
0x082E	0xF1B9C1A1  	MOVFF       _t, FARG_show_t
0x0832	0xF1BAC1A2  	MOVFF       _t+1, FARG_show_t+1
0x0836	0xDC01      	RCALL       _show
;good morning.c,412 :: 		elay_us(t);
0x0838	0xF1BDC1A1  	MOVFF       _t, FARG_elay_us_n
0x083C	0xF1BEC1A2  	MOVFF       _t+1, FARG_elay_us_n+1
0x0840	0xF000EC0E  	CALL        _elay_us, 0
;good morning.c,413 :: 		break;
0x0844	0xD22C      	BRA         L_main21
;good morning.c,415 :: 		case '8':
L_main83:
;good morning.c,417 :: 		show(Eight,t);
0x0846	0x0ECD      	MOVLW       _Eight
0x0848	0x6FB7      	MOVWF       FARG_show_image, 1
0x084A	0x0E00      	MOVLW       hi_addr(_Eight)
0x084C	0x6FB8      	MOVWF       FARG_show_image+1, 1
0x084E	0xF1B9C1A1  	MOVFF       _t, FARG_show_t
0x0852	0xF1BAC1A2  	MOVFF       _t+1, FARG_show_t+1
0x0856	0xF000EC1D  	CALL        _show, 0
;good morning.c,418 :: 		elay_us(t);
0x085A	0xF1BDC1A1  	MOVFF       _t, FARG_elay_us_n
0x085E	0xF1BEC1A2  	MOVFF       _t+1, FARG_elay_us_n+1
0x0862	0xF000EC0E  	CALL        _elay_us, 0
;good morning.c,419 :: 		break;
0x0866	0xD21B      	BRA         L_main21
;good morning.c,421 :: 		case '9':
L_main84:
;good morning.c,423 :: 		show(Nine,t);
0x0868	0x0EEB      	MOVLW       _Nine
0x086A	0x6FB7      	MOVWF       FARG_show_image, 1
0x086C	0x0E00      	MOVLW       hi_addr(_Nine)
0x086E	0x6FB8      	MOVWF       FARG_show_image+1, 1
0x0870	0xF1B9C1A1  	MOVFF       _t, FARG_show_t
0x0874	0xF1BAC1A2  	MOVFF       _t+1, FARG_show_t+1
0x0878	0xF000EC1D  	CALL        _show, 0
;good morning.c,424 :: 		elay_us(t);
0x087C	0xF1BDC1A1  	MOVFF       _t, FARG_elay_us_n
0x0880	0xF1BEC1A2  	MOVFF       _t+1, FARG_elay_us_n+1
0x0884	0xF000EC0E  	CALL        _elay_us, 0
;good morning.c,425 :: 		break;
0x0888	0xD20A      	BRA         L_main21
;good morning.c,427 :: 		default:
L_main85:
;good morning.c,429 :: 		show(Space,t);
0x088A	0x0E8B      	MOVLW       _Space
0x088C	0x6FB7      	MOVWF       FARG_show_image, 1
0x088E	0x0E01      	MOVLW       hi_addr(_Space)
0x0890	0x6FB8      	MOVWF       FARG_show_image+1, 1
0x0892	0xF1B9C1A1  	MOVFF       _t, FARG_show_t
0x0896	0xF1BAC1A2  	MOVFF       _t+1, FARG_show_t+1
0x089A	0xF000EC1D  	CALL        _show, 0
;good morning.c,430 :: 		elay_us(t);
0x089E	0xF1BDC1A1  	MOVFF       _t, FARG_elay_us_n
0x08A2	0xF1BEC1A2  	MOVFF       _t+1, FARG_elay_us_n+1
0x08A6	0xF000EC0E  	CALL        _elay_us, 0
;good morning.c,431 :: 		break;
0x08AA	0xD1F9      	BRA         L_main21
;good morning.c,433 :: 		}
L_main20:
0x08AC	0xFFE9C1B3  	MOVFF       FLOC__main, FSR0L
0x08B0	0xFFEAC1B4  	MOVFF       FLOC__main+1, FSR0H
0x08B4	0x50EE      	MOVF        POSTINC0, 0 
0x08B6	0x0A61      	XORLW       97
0x08B8	0xB4D8      	BTFSC       STATUS, 2 
0x08BA	0xD5AF      	BRA         L_main22
0x08BC	0xFFE9C1B3  	MOVFF       FLOC__main, FSR0L
0x08C0	0xFFEAC1B4  	MOVFF       FLOC__main+1, FSR0H
0x08C4	0x50EE      	MOVF        POSTINC0, 0 
0x08C6	0x0A41      	XORLW       65
0x08C8	0xB4D8      	BTFSC       STATUS, 2 
0x08CA	0xD5A7      	BRA         L_main23
0x08CC	0xFFE9C1B3  	MOVFF       FLOC__main, FSR0L
0x08D0	0xFFEAC1B4  	MOVFF       FLOC__main+1, FSR0H
0x08D4	0x50EE      	MOVF        POSTINC0, 0 
0x08D6	0x0A62      	XORLW       98
0x08D8	0xB4D8      	BTFSC       STATUS, 2 
0x08DA	0xD5AF      	BRA         L_main24
0x08DC	0xFFE9C1B3  	MOVFF       FLOC__main, FSR0L
0x08E0	0xFFEAC1B4  	MOVFF       FLOC__main+1, FSR0H
0x08E4	0x50EE      	MOVF        POSTINC0, 0 
0x08E6	0x0A42      	XORLW       66
0x08E8	0xB4D8      	BTFSC       STATUS, 2 
0x08EA	0xD5A7      	BRA         L_main25
0x08EC	0xFFE9C1B3  	MOVFF       FLOC__main, FSR0L
0x08F0	0xFFEAC1B4  	MOVFF       FLOC__main+1, FSR0H
0x08F4	0x50EE      	MOVF        POSTINC0, 0 
0x08F6	0x0A63      	XORLW       99
0x08F8	0xB4D8      	BTFSC       STATUS, 2 
0x08FA	0xD5AF      	BRA         L_main26
0x08FC	0xFFE9C1B3  	MOVFF       FLOC__main, FSR0L
0x0900	0xFFEAC1B4  	MOVFF       FLOC__main+1, FSR0H
0x0904	0x50EE      	MOVF        POSTINC0, 0 
0x0906	0x0A43      	XORLW       67
0x0908	0xB4D8      	BTFSC       STATUS, 2 
0x090A	0xD5A7      	BRA         L_main27
0x090C	0xFFE9C1B3  	MOVFF       FLOC__main, FSR0L
0x0910	0xFFEAC1B4  	MOVFF       FLOC__main+1, FSR0H
0x0914	0x50EE      	MOVF        POSTINC0, 0 
0x0916	0x0A64      	XORLW       100
0x0918	0xB4D8      	BTFSC       STATUS, 2 
0x091A	0xD5AF      	BRA         L_main28
0x091C	0xFFE9C1B3  	MOVFF       FLOC__main, FSR0L
0x0920	0xFFEAC1B4  	MOVFF       FLOC__main+1, FSR0H
0x0924	0x50EE      	MOVF        POSTINC0, 0 
0x0926	0x0A44      	XORLW       68
0x0928	0xB4D8      	BTFSC       STATUS, 2 
0x092A	0xD5A7      	BRA         L_main29
0x092C	0xFFE9C1B3  	MOVFF       FLOC__main, FSR0L
0x0930	0xFFEAC1B4  	MOVFF       FLOC__main+1, FSR0H
0x0934	0x50EE      	MOVF        POSTINC0, 0 
0x0936	0x0A65      	XORLW       101
0x0938	0xB4D8      	BTFSC       STATUS, 2 
0x093A	0xD5AF      	BRA         L_main30
0x093C	0xFFE9C1B3  	MOVFF       FLOC__main, FSR0L
0x0940	0xFFEAC1B4  	MOVFF       FLOC__main+1, FSR0H
0x0944	0x50EE      	MOVF        POSTINC0, 0 
0x0946	0x0A45      	XORLW       69
0x0948	0xB4D8      	BTFSC       STATUS, 2 
0x094A	0xD5A7      	BRA         L_main31
0x094C	0xFFE9C1B3  	MOVFF       FLOC__main, FSR0L
0x0950	0xFFEAC1B4  	MOVFF       FLOC__main+1, FSR0H
0x0954	0x50EE      	MOVF        POSTINC0, 0 
0x0956	0x0A66      	XORLW       102
0x0958	0xB4D8      	BTFSC       STATUS, 2 
0x095A	0xD5AF      	BRA         L_main32
0x095C	0xFFE9C1B3  	MOVFF       FLOC__main, FSR0L
0x0960	0xFFEAC1B4  	MOVFF       FLOC__main+1, FSR0H
0x0964	0x50EE      	MOVF        POSTINC0, 0 
0x0966	0x0A46      	XORLW       70
0x0968	0xB4D8      	BTFSC       STATUS, 2 
0x096A	0xD5A7      	BRA         L_main33
0x096C	0xFFE9C1B3  	MOVFF       FLOC__main, FSR0L
0x0970	0xFFEAC1B4  	MOVFF       FLOC__main+1, FSR0H
0x0974	0x50EE      	MOVF        POSTINC0, 0 
0x0976	0x0A67      	XORLW       103
0x0978	0xB4D8      	BTFSC       STATUS, 2 
0x097A	0xD5AF      	BRA         L_main34
0x097C	0xFFE9C1B3  	MOVFF       FLOC__main, FSR0L
0x0980	0xFFEAC1B4  	MOVFF       FLOC__main+1, FSR0H
0x0984	0x50EE      	MOVF        POSTINC0, 0 
0x0986	0x0A47      	XORLW       71
0x0988	0xB4D8      	BTFSC       STATUS, 2 
0x098A	0xD5A7      	BRA         L_main35
0x098C	0xFFE9C1B3  	MOVFF       FLOC__main, FSR0L
0x0990	0xFFEAC1B4  	MOVFF       FLOC__main+1, FSR0H
0x0994	0x50EE      	MOVF        POSTINC0, 0 
0x0996	0x0A68      	XORLW       104
0x0998	0xB4D8      	BTFSC       STATUS, 2 
0x099A	0xD5AF      	BRA         L_main36
0x099C	0xFFE9C1B3  	MOVFF       FLOC__main, FSR0L
0x09A0	0xFFEAC1B4  	MOVFF       FLOC__main+1, FSR0H
0x09A4	0x50EE      	MOVF        POSTINC0, 0 
0x09A6	0x0A48      	XORLW       72
0x09A8	0xB4D8      	BTFSC       STATUS, 2 
0x09AA	0xD5A7      	BRA         L_main37
0x09AC	0xFFE9C1B3  	MOVFF       FLOC__main, FSR0L
0x09B0	0xFFEAC1B4  	MOVFF       FLOC__main+1, FSR0H
0x09B4	0x50EE      	MOVF        POSTINC0, 0 
0x09B6	0x0A69      	XORLW       105
0x09B8	0xB4D8      	BTFSC       STATUS, 2 
0x09BA	0xD5AE      	BRA         L_main38
0x09BC	0xFFE9C1B3  	MOVFF       FLOC__main, FSR0L
0x09C0	0xFFEAC1B4  	MOVFF       FLOC__main+1, FSR0H
0x09C4	0x50EE      	MOVF        POSTINC0, 0 
0x09C6	0x0A49      	XORLW       73
0x09C8	0xB4D8      	BTFSC       STATUS, 2 
0x09CA	0xD5A6      	BRA         L_main39
0x09CC	0xFFE9C1B3  	MOVFF       FLOC__main, FSR0L
0x09D0	0xFFEAC1B4  	MOVFF       FLOC__main+1, FSR0H
0x09D4	0x50EE      	MOVF        POSTINC0, 0 
0x09D6	0x0A6A      	XORLW       106
0x09D8	0xB4D8      	BTFSC       STATUS, 2 
0x09DA	0xD5AD      	BRA         L_main40
0x09DC	0xFFE9C1B3  	MOVFF       FLOC__main, FSR0L
0x09E0	0xFFEAC1B4  	MOVFF       FLOC__main+1, FSR0H
0x09E4	0x50EE      	MOVF        POSTINC0, 0 
0x09E6	0x0A4A      	XORLW       74
0x09E8	0xB4D8      	BTFSC       STATUS, 2 
0x09EA	0xD5A5      	BRA         L_main41
0x09EC	0xFFE9C1B3  	MOVFF       FLOC__main, FSR0L
0x09F0	0xFFEAC1B4  	MOVFF       FLOC__main+1, FSR0H
0x09F4	0x50EE      	MOVF        POSTINC0, 0 
0x09F6	0x0A6B      	XORLW       107
0x09F8	0xB4D8      	BTFSC       STATUS, 2 
0x09FA	0xD5AC      	BRA         L_main42
0x09FC	0xFFE9C1B3  	MOVFF       FLOC__main, FSR0L
0x0A00	0xFFEAC1B4  	MOVFF       FLOC__main+1, FSR0H
0x0A04	0x50EE      	MOVF        POSTINC0, 0 
0x0A06	0x0A4B      	XORLW       75
0x0A08	0xB4D8      	BTFSC       STATUS, 2 
0x0A0A	0xD5A4      	BRA         L_main43
0x0A0C	0xFFE9C1B3  	MOVFF       FLOC__main, FSR0L
0x0A10	0xFFEAC1B4  	MOVFF       FLOC__main+1, FSR0H
0x0A14	0x50EE      	MOVF        POSTINC0, 0 
0x0A16	0x0A6C      	XORLW       108
0x0A18	0xB4D8      	BTFSC       STATUS, 2 
0x0A1A	0xD5AB      	BRA         L_main44
0x0A1C	0xFFE9C1B3  	MOVFF       FLOC__main, FSR0L
0x0A20	0xFFEAC1B4  	MOVFF       FLOC__main+1, FSR0H
0x0A24	0x50EE      	MOVF        POSTINC0, 0 
0x0A26	0x0A4C      	XORLW       76
0x0A28	0xB4D8      	BTFSC       STATUS, 2 
0x0A2A	0xD5A3      	BRA         L_main45
0x0A2C	0xFFE9C1B3  	MOVFF       FLOC__main, FSR0L
0x0A30	0xFFEAC1B4  	MOVFF       FLOC__main+1, FSR0H
0x0A34	0x50EE      	MOVF        POSTINC0, 0 
0x0A36	0x0A6D      	XORLW       109
0x0A38	0xB4D8      	BTFSC       STATUS, 2 
0x0A3A	0xD5AA      	BRA         L_main46
0x0A3C	0xFFE9C1B3  	MOVFF       FLOC__main, FSR0L
0x0A40	0xFFEAC1B4  	MOVFF       FLOC__main+1, FSR0H
0x0A44	0x50EE      	MOVF        POSTINC0, 0 
0x0A46	0x0A4D      	XORLW       77
0x0A48	0xB4D8      	BTFSC       STATUS, 2 
0x0A4A	0xD5A2      	BRA         L_main47
0x0A4C	0xFFE9C1B3  	MOVFF       FLOC__main, FSR0L
0x0A50	0xFFEAC1B4  	MOVFF       FLOC__main+1, FSR0H
0x0A54	0x50EE      	MOVF        POSTINC0, 0 
0x0A56	0x0A6E      	XORLW       110
0x0A58	0xB4D8      	BTFSC       STATUS, 2 
0x0A5A	0xD5A9      	BRA         L_main48
0x0A5C	0xFFE9C1B3  	MOVFF       FLOC__main, FSR0L
0x0A60	0xFFEAC1B4  	MOVFF       FLOC__main+1, FSR0H
0x0A64	0x50EE      	MOVF        POSTINC0, 0 
0x0A66	0x0A4E      	XORLW       78
0x0A68	0xB4D8      	BTFSC       STATUS, 2 
0x0A6A	0xD5A1      	BRA         L_main49
0x0A6C	0xFFE9C1B3  	MOVFF       FLOC__main, FSR0L
0x0A70	0xFFEAC1B4  	MOVFF       FLOC__main+1, FSR0H
0x0A74	0x50EE      	MOVF        POSTINC0, 0 
0x0A76	0x0A6F      	XORLW       111
0x0A78	0xB4D8      	BTFSC       STATUS, 2 
0x0A7A	0xD5A8      	BRA         L_main50
0x0A7C	0xFFE9C1B3  	MOVFF       FLOC__main, FSR0L
0x0A80	0xFFEAC1B4  	MOVFF       FLOC__main+1, FSR0H
0x0A84	0x50EE      	MOVF        POSTINC0, 0 
0x0A86	0x0A4F      	XORLW       79
0x0A88	0xB4D8      	BTFSC       STATUS, 2 
0x0A8A	0xD5A0      	BRA         L_main51
0x0A8C	0xFFE9C1B3  	MOVFF       FLOC__main, FSR0L
0x0A90	0xFFEAC1B4  	MOVFF       FLOC__main+1, FSR0H
0x0A94	0x50EE      	MOVF        POSTINC0, 0 
0x0A96	0x0A70      	XORLW       112
0x0A98	0xB4D8      	BTFSC       STATUS, 2 
0x0A9A	0xD5A7      	BRA         L_main52
0x0A9C	0xFFE9C1B3  	MOVFF       FLOC__main, FSR0L
0x0AA0	0xFFEAC1B4  	MOVFF       FLOC__main+1, FSR0H
0x0AA4	0x50EE      	MOVF        POSTINC0, 0 
0x0AA6	0x0A50      	XORLW       80
0x0AA8	0xB4D8      	BTFSC       STATUS, 2 
0x0AAA	0xD59F      	BRA         L_main53
0x0AAC	0xFFE9C1B3  	MOVFF       FLOC__main, FSR0L
0x0AB0	0xFFEAC1B4  	MOVFF       FLOC__main+1, FSR0H
0x0AB4	0x50EE      	MOVF        POSTINC0, 0 
0x0AB6	0x0A71      	XORLW       113
0x0AB8	0xB4D8      	BTFSC       STATUS, 2 
0x0ABA	0xD5A6      	BRA         L_main54
0x0ABC	0xFFE9C1B3  	MOVFF       FLOC__main, FSR0L
0x0AC0	0xFFEAC1B4  	MOVFF       FLOC__main+1, FSR0H
0x0AC4	0x50EE      	MOVF        POSTINC0, 0 
0x0AC6	0x0A51      	XORLW       81
0x0AC8	0xB4D8      	BTFSC       STATUS, 2 
0x0ACA	0xD59E      	BRA         L_main55
0x0ACC	0xFFE9C1B3  	MOVFF       FLOC__main, FSR0L
0x0AD0	0xFFEAC1B4  	MOVFF       FLOC__main+1, FSR0H
0x0AD4	0x50EE      	MOVF        POSTINC0, 0 
0x0AD6	0x0A72      	XORLW       114
0x0AD8	0xB4D8      	BTFSC       STATUS, 2 
0x0ADA	0xD5A5      	BRA         L_main56
0x0ADC	0xFFE9C1B3  	MOVFF       FLOC__main, FSR0L
0x0AE0	0xFFEAC1B4  	MOVFF       FLOC__main+1, FSR0H
0x0AE4	0x50EE      	MOVF        POSTINC0, 0 
0x0AE6	0x0A52      	XORLW       82
0x0AE8	0xB4D8      	BTFSC       STATUS, 2 
0x0AEA	0xD59D      	BRA         L_main57
0x0AEC	0xFFE9C1B3  	MOVFF       FLOC__main, FSR0L
0x0AF0	0xFFEAC1B4  	MOVFF       FLOC__main+1, FSR0H
0x0AF4	0x50EE      	MOVF        POSTINC0, 0 
0x0AF6	0x0A73      	XORLW       115
0x0AF8	0xB4D8      	BTFSC       STATUS, 2 
0x0AFA	0xD5A4      	BRA         L_main58
0x0AFC	0xFFE9C1B3  	MOVFF       FLOC__main, FSR0L
0x0B00	0xFFEAC1B4  	MOVFF       FLOC__main+1, FSR0H
0x0B04	0x50EE      	MOVF        POSTINC0, 0 
0x0B06	0x0A53      	XORLW       83
0x0B08	0xB4D8      	BTFSC       STATUS, 2 
0x0B0A	0xD59C      	BRA         L_main59
0x0B0C	0xFFE9C1B3  	MOVFF       FLOC__main, FSR0L
0x0B10	0xFFEAC1B4  	MOVFF       FLOC__main+1, FSR0H
0x0B14	0x50EE      	MOVF        POSTINC0, 0 
0x0B16	0x0A74      	XORLW       116
0x0B18	0xB4D8      	BTFSC       STATUS, 2 
0x0B1A	0xD5A3      	BRA         L_main60
0x0B1C	0xFFE9C1B3  	MOVFF       FLOC__main, FSR0L
0x0B20	0xFFEAC1B4  	MOVFF       FLOC__main+1, FSR0H
0x0B24	0x50EE      	MOVF        POSTINC0, 0 
0x0B26	0x0A54      	XORLW       84
0x0B28	0xB4D8      	BTFSC       STATUS, 2 
0x0B2A	0xD59B      	BRA         L_main61
0x0B2C	0xFFE9C1B3  	MOVFF       FLOC__main, FSR0L
0x0B30	0xFFEAC1B4  	MOVFF       FLOC__main+1, FSR0H
0x0B34	0x50EE      	MOVF        POSTINC0, 0 
0x0B36	0x0A75      	XORLW       117
0x0B38	0xB4D8      	BTFSC       STATUS, 2 
0x0B3A	0xD5A2      	BRA         L_main62
0x0B3C	0xFFE9C1B3  	MOVFF       FLOC__main, FSR0L
0x0B40	0xFFEAC1B4  	MOVFF       FLOC__main+1, FSR0H
0x0B44	0x50EE      	MOVF        POSTINC0, 0 
0x0B46	0x0A55      	XORLW       85
0x0B48	0xB4D8      	BTFSC       STATUS, 2 
0x0B4A	0xD59A      	BRA         L_main63
0x0B4C	0xFFE9C1B3  	MOVFF       FLOC__main, FSR0L
0x0B50	0xFFEAC1B4  	MOVFF       FLOC__main+1, FSR0H
0x0B54	0x50EE      	MOVF        POSTINC0, 0 
0x0B56	0x0A76      	XORLW       118
0x0B58	0xB4D8      	BTFSC       STATUS, 2 
0x0B5A	0xD5A1      	BRA         L_main64
0x0B5C	0xFFE9C1B3  	MOVFF       FLOC__main, FSR0L
0x0B60	0xFFEAC1B4  	MOVFF       FLOC__main+1, FSR0H
0x0B64	0x50EE      	MOVF        POSTINC0, 0 
0x0B66	0x0A56      	XORLW       86
0x0B68	0xB4D8      	BTFSC       STATUS, 2 
0x0B6A	0xD599      	BRA         L_main65
0x0B6C	0xFFE9C1B3  	MOVFF       FLOC__main, FSR0L
0x0B70	0xFFEAC1B4  	MOVFF       FLOC__main+1, FSR0H
0x0B74	0x50EE      	MOVF        POSTINC0, 0 
0x0B76	0x0A77      	XORLW       119
0x0B78	0xB4D8      	BTFSC       STATUS, 2 
0x0B7A	0xD5A0      	BRA         L_main66
0x0B7C	0xFFE9C1B3  	MOVFF       FLOC__main, FSR0L
0x0B80	0xFFEAC1B4  	MOVFF       FLOC__main+1, FSR0H
0x0B84	0x50EE      	MOVF        POSTINC0, 0 
0x0B86	0x0A57      	XORLW       87
0x0B88	0xB4D8      	BTFSC       STATUS, 2 
0x0B8A	0xD598      	BRA         L_main67
0x0B8C	0xFFE9C1B3  	MOVFF       FLOC__main, FSR0L
0x0B90	0xFFEAC1B4  	MOVFF       FLOC__main+1, FSR0H
0x0B94	0x50EE      	MOVF        POSTINC0, 0 
0x0B96	0x0A78      	XORLW       120
0x0B98	0xB4D8      	BTFSC       STATUS, 2 
0x0B9A	0xD59F      	BRA         L_main68
0x0B9C	0xFFE9C1B3  	MOVFF       FLOC__main, FSR0L
0x0BA0	0xFFEAC1B4  	MOVFF       FLOC__main+1, FSR0H
0x0BA4	0x50EE      	MOVF        POSTINC0, 0 
0x0BA6	0x0A58      	XORLW       88
0x0BA8	0xB4D8      	BTFSC       STATUS, 2 
0x0BAA	0xD597      	BRA         L_main69
0x0BAC	0xFFE9C1B3  	MOVFF       FLOC__main, FSR0L
0x0BB0	0xFFEAC1B4  	MOVFF       FLOC__main+1, FSR0H
0x0BB4	0x50EE      	MOVF        POSTINC0, 0 
0x0BB6	0x0A79      	XORLW       121
0x0BB8	0xB4D8      	BTFSC       STATUS, 2 
0x0BBA	0xD59E      	BRA         L_main70
0x0BBC	0xFFE9C1B3  	MOVFF       FLOC__main, FSR0L
0x0BC0	0xFFEAC1B4  	MOVFF       FLOC__main+1, FSR0H
0x0BC4	0x50EE      	MOVF        POSTINC0, 0 
0x0BC6	0x0A59      	XORLW       89
0x0BC8	0xB4D8      	BTFSC       STATUS, 2 
0x0BCA	0xD596      	BRA         L_main71
0x0BCC	0xFFE9C1B3  	MOVFF       FLOC__main, FSR0L
0x0BD0	0xFFEAC1B4  	MOVFF       FLOC__main+1, FSR0H
0x0BD4	0x50EE      	MOVF        POSTINC0, 0 
0x0BD6	0x0A7A      	XORLW       122
0x0BD8	0xB4D8      	BTFSC       STATUS, 2 
0x0BDA	0xD59D      	BRA         L_main72
0x0BDC	0xFFE9C1B3  	MOVFF       FLOC__main, FSR0L
0x0BE0	0xFFEAC1B4  	MOVFF       FLOC__main+1, FSR0H
0x0BE4	0x50EE      	MOVF        POSTINC0, 0 
0x0BE6	0x0A5A      	XORLW       90
0x0BE8	0xB4D8      	BTFSC       STATUS, 2 
0x0BEA	0xD595      	BRA         L_main73
0x0BEC	0xFFE9C1B3  	MOVFF       FLOC__main, FSR0L
0x0BF0	0xFFEAC1B4  	MOVFF       FLOC__main+1, FSR0H
0x0BF4	0x50EE      	MOVF        POSTINC0, 0 
0x0BF6	0x0A20      	XORLW       32
0x0BF8	0xB4D8      	BTFSC       STATUS, 2 
0x0BFA	0xD59C      	BRA         L_main74
0x0BFC	0xFFE9C1B3  	MOVFF       FLOC__main, FSR0L
0x0C00	0xFFEAC1B4  	MOVFF       FLOC__main+1, FSR0H
0x0C04	0x50EE      	MOVF        POSTINC0, 0 
0x0C06	0x0A30      	XORLW       48
0x0C08	0xB4D8      	BTFSC       STATUS, 2 
0x0C0A	0xD5A3      	BRA         L_main75
0x0C0C	0xFFE9C1B3  	MOVFF       FLOC__main, FSR0L
0x0C10	0xFFEAC1B4  	MOVFF       FLOC__main+1, FSR0H
0x0C14	0x50EE      	MOVF        POSTINC0, 0 
0x0C16	0x0A31      	XORLW       49
0x0C18	0xB4D8      	BTFSC       STATUS, 2 
0x0C1A	0xD5AA      	BRA         L_main76
0x0C1C	0xFFE9C1B3  	MOVFF       FLOC__main, FSR0L
0x0C20	0xFFEAC1B4  	MOVFF       FLOC__main+1, FSR0H
0x0C24	0x50EE      	MOVF        POSTINC0, 0 
0x0C26	0x0A32      	XORLW       50
0x0C28	0xB4D8      	BTFSC       STATUS, 2 
0x0C2A	0xD5B1      	BRA         L_main77
0x0C2C	0xFFE9C1B3  	MOVFF       FLOC__main, FSR0L
0x0C30	0xFFEAC1B4  	MOVFF       FLOC__main+1, FSR0H
0x0C34	0x50EE      	MOVF        POSTINC0, 0 
0x0C36	0x0A33      	XORLW       51
0x0C38	0xB4D8      	BTFSC       STATUS, 2 
0x0C3A	0xD5B8      	BRA         L_main78
0x0C3C	0xFFE9C1B3  	MOVFF       FLOC__main, FSR0L
0x0C40	0xFFEAC1B4  	MOVFF       FLOC__main+1, FSR0H
0x0C44	0x50EE      	MOVF        POSTINC0, 0 
0x0C46	0x0A34      	XORLW       52
0x0C48	0xB4D8      	BTFSC       STATUS, 2 
0x0C4A	0xD5BF      	BRA         L_main79
0x0C4C	0xFFE9C1B3  	MOVFF       FLOC__main, FSR0L
0x0C50	0xFFEAC1B4  	MOVFF       FLOC__main+1, FSR0H
0x0C54	0x50EE      	MOVF        POSTINC0, 0 
0x0C56	0x0A35      	XORLW       53
0x0C58	0xB4D8      	BTFSC       STATUS, 2 
0x0C5A	0xD5C6      	BRA         L_main80
0x0C5C	0xFFE9C1B3  	MOVFF       FLOC__main, FSR0L
0x0C60	0xFFEAC1B4  	MOVFF       FLOC__main+1, FSR0H
0x0C64	0x50EE      	MOVF        POSTINC0, 0 
0x0C66	0x0A36      	XORLW       54
0x0C68	0xB4D8      	BTFSC       STATUS, 2 
0x0C6A	0xD5CD      	BRA         L_main81
0x0C6C	0xFFE9C1B3  	MOVFF       FLOC__main, FSR0L
0x0C70	0xFFEAC1B4  	MOVFF       FLOC__main+1, FSR0H
0x0C74	0x50EE      	MOVF        POSTINC0, 0 
0x0C76	0x0A37      	XORLW       55
0x0C78	0xB4D8      	BTFSC       STATUS, 2 
0x0C7A	0xD5D5      	BRA         L_main82
0x0C7C	0xFFE9C1B3  	MOVFF       FLOC__main, FSR0L
0x0C80	0xFFEAC1B4  	MOVFF       FLOC__main+1, FSR0H
0x0C84	0x50EE      	MOVF        POSTINC0, 0 
0x0C86	0x0A38      	XORLW       56
0x0C88	0xB4D8      	BTFSC       STATUS, 2 
0x0C8A	0xD5DD      	BRA         L_main83
0x0C8C	0xFFE9C1B3  	MOVFF       FLOC__main, FSR0L
0x0C90	0xFFEAC1B4  	MOVFF       FLOC__main+1, FSR0H
0x0C94	0x50EE      	MOVF        POSTINC0, 0 
0x0C96	0x0A39      	XORLW       57
0x0C98	0xB4D8      	BTFSC       STATUS, 2 
0x0C9A	0xD5E6      	BRA         L_main84
0x0C9C	0xD5F6      	BRA         L_main85
L_main21:
;good morning.c,175 :: 		for(i=0;i<20;i++)
0x0C9E	0x0100      	MOVLB       0
0x0CA0	0x4B6F      	INFSNZ      _i, 1, 1
0x0CA2	0x2B70      	INCF        _i+1, 1, 1
;good morning.c,434 :: 		}
0x0CA4	0xF001EFF8  	GOTO        L_main17
L_main18:
;good morning.c,438 :: 		}
L_main16:
;good morning.c,439 :: 		}
0x0CA8	0xF001EFB3  	GOTO        L_main11
;good morning.c,440 :: 		}
L_end_main:
0x0CAC	0xD7FF      	BRA         $+0
; end of _main
0x0E3A	0xF015EE10  	LFSR        1, 21
0x0E3E	0x0E8C      	MOVLW       140
0x0E40	0x6E00      	MOVWF       R0 
0x0E42	0x0E02      	MOVLW       2
0x0E44	0x6E01      	MOVWF       R1 
0x0E46	0x0EAE      	MOVLW       174
0x0E48	0x6EF6      	MOVWF       4086 
0x0E4A	0x0E0C      	MOVLW       12
0x0E4C	0x6EF7      	MOVWF       TBLPTRH 
0x0E4E	0x0E00      	MOVLW       0
0x0E50	0x6EF8      	MOVWF       TBLPTRU 
0x0E52	0xF001EC68  	CALL        720, 0
0x0E56	0x0012      	RETURN      0
;good morning.c,0 :: ?ICS_KK
0x0CAE	0x00FF ;?ICS_KK+0
0x0CB0	0x0028 ;?ICS_KK+2
0x0CB2	0x0044 ;?ICS_KK+4
0x0CB4	0x0082 ;?ICS_KK+6
0x0CB6	0x0001 ;?ICS_KK+8
; end of ?ICS_KK
;good morning.c,0 :: ?ICS_MM
0x0CB8	0x00FF ;?ICS_MM+0
0x0CBA	0x0040 ;?ICS_MM+2
0x0CBC	0x0020 ;?ICS_MM+4
0x0CBE	0x0040 ;?ICS_MM+6
0x0CC0	0x00FF ;?ICS_MM+8
; end of ?ICS_MM
;good morning.c,0 :: ?ICS_II
0x0CC2	0x0081 ;?ICS_II+0
0x0CC4	0x0081 ;?ICS_II+2
0x0CC6	0x00FF ;?ICS_II+4
0x0CC8	0x0081 ;?ICS_II+6
0x0CCA	0x0081 ;?ICS_II+8
; end of ?ICS_II
;good morning.c,0 :: ?ICS_JJ
0x0CCC	0x0083 ;?ICS_JJ+0
0x0CCE	0x0081 ;?ICS_JJ+2
0x0CD0	0x00FE ;?ICS_JJ+4
0x0CD2	0x0080 ;?ICS_JJ+6
0x0CD4	0x0080 ;?ICS_JJ+8
; end of ?ICS_JJ
;good morning.c,0 :: ?ICS_NN
0x0CD6	0x00FF ;?ICS_NN+0
0x0CD8	0x0060 ;?ICS_NN+2
0x0CDA	0x0018 ;?ICS_NN+4
0x0CDC	0x0006 ;?ICS_NN+6
0x0CDE	0x00FF ;?ICS_NN+8
; end of ?ICS_NN
;good morning.c,0 :: ?ICS_SS
0x0CE0	0x0061 ;?ICS_SS+0
0x0CE2	0x0091 ;?ICS_SS+2
0x0CE4	0x0091 ;?ICS_SS+4
0x0CE6	0x0091 ;?ICS_SS+6
0x0CE8	0x008E ;?ICS_SS+8
; end of ?ICS_SS
;good morning.c,0 :: ?ICS_TT
0x0CEA	0x0080 ;?ICS_TT+0
0x0CEC	0x0080 ;?ICS_TT+2
0x0CEE	0x00FF ;?ICS_TT+4
0x0CF0	0x0080 ;?ICS_TT+6
0x0CF2	0x0080 ;?ICS_TT+8
; end of ?ICS_TT
;good morning.c,0 :: ?ICS_PP
0x0CF4	0x00FF ;?ICS_PP+0
0x0CF6	0x0090 ;?ICS_PP+2
0x0CF8	0x0090 ;?ICS_PP+4
0x0CFA	0x0090 ;?ICS_PP+6
0x0CFC	0x0060 ;?ICS_PP+8
; end of ?ICS_PP
;good morning.c,0 :: ?ICS_QQ
0x0CFE	0x007C ;?ICS_QQ+0
0x0D00	0x0082 ;?ICS_QQ+2
0x0D02	0x0086 ;?ICS_QQ+4
0x0D04	0x0086 ;?ICS_QQ+6
0x0D06	0x007F ;?ICS_QQ+8
; end of ?ICS_QQ
;good morning.c,0 :: ?ICS_i
0x0D08	0x0000 ;?ICS_i+0
; end of ?ICS_i
;good morning.c,0 :: ?ICS_ch
0x0D0A	0x0000 ;?ICS_ch+0
0x0D0C	0x0000 ;?ICS_ch+2
0x0D0E	0x0000 ;?ICS_ch+4
0x0D10	0x0000 ;?ICS_ch+6
0x0D12	0x0000 ;?ICS_ch+8
0x0D14	0x0000 ;?ICS_ch+10
0x0D16	0x0000 ;?ICS_ch+12
0x0D18	0x0000 ;?ICS_ch+14
0x0D1A	0x0000 ;?ICS_ch+16
0x0D1C	0x0000 ;?ICS_ch+18
; end of ?ICS_ch
;good morning.c,0 :: ?ICS_size1
0x0D1E	0x0000 ;?ICS_size1+0
; end of ?ICS_size1
;good morning.c,0 :: ?ICS_AA
0x0D20	0x007F ;?ICS_AA+0
0x0D22	0x0090 ;?ICS_AA+2
0x0D24	0x0090 ;?ICS_AA+4
0x0D26	0x0090 ;?ICS_AA+6
0x0D28	0x007F ;?ICS_AA+8
; end of ?ICS_AA
;good morning.c,0 :: ?ICS_FF
0x0D2A	0x00FF ;?ICS_FF+0
0x0D2C	0x0090 ;?ICS_FF+2
0x0D2E	0x0090 ;?ICS_FF+4
0x0D30	0x0080 ;?ICS_FF+6
0x0D32	0x0080 ;?ICS_FF+8
; end of ?ICS_FF
;good morning.c,0 :: ?ICS_GG
0x0D34	0x007E ;?ICS_GG+0
0x0D36	0x0081 ;?ICS_GG+2
0x0D38	0x0091 ;?ICS_GG+4
0x0D3A	0x0091 ;?ICS_GG+6
0x0D3C	0x008E ;?ICS_GG+8
; end of ?ICS_GG
;good morning.c,0 :: ?ICS_BB
0x0D3E	0x00FF ;?ICS_BB+0
0x0D40	0x0091 ;?ICS_BB+2
0x0D42	0x0091 ;?ICS_BB+4
0x0D44	0x0091 ;?ICS_BB+6
0x0D46	0x006E ;?ICS_BB+8
; end of ?ICS_BB
;good morning.c,0 :: ?ICS_CC
0x0D48	0x007E ;?ICS_CC+0
0x0D4A	0x0081 ;?ICS_CC+2
0x0D4C	0x0081 ;?ICS_CC+4
0x0D4E	0x0081 ;?ICS_CC+6
0x0D50	0x0081 ;?ICS_CC+8
; end of ?ICS_CC
;good morning.c,0 :: ?ICS_UU
0x0D52	0x00FE ;?ICS_UU+0
0x0D54	0x0001 ;?ICS_UU+2
0x0D56	0x0001 ;?ICS_UU+4
0x0D58	0x0001 ;?ICS_UU+6
0x0D5A	0x00FE ;?ICS_UU+8
; end of ?ICS_UU
;good morning.c,0 :: ?ICS_Seven
0x0D5C	0x0080 ;?ICS_Seven+0
0x0D5E	0x0083 ;?ICS_Seven+2
0x0D60	0x008C ;?ICS_Seven+4
0x0D62	0x00B0 ;?ICS_Seven+6
0x0D64	0x00C0 ;?ICS_Seven+8
; end of ?ICS_Seven
;good morning.c,0 :: ?ICS_Eight
0x0D66	0x006E ;?ICS_Eight+0
0x0D68	0x0091 ;?ICS_Eight+2
0x0D6A	0x0091 ;?ICS_Eight+4
0x0D6C	0x0091 ;?ICS_Eight+6
0x0D6E	0x006E ;?ICS_Eight+8
; end of ?ICS_Eight
;good morning.c,0 :: ?ICS_Five
0x0D70	0x00FA ;?ICS_Five+0
0x0D72	0x0091 ;?ICS_Five+2
0x0D74	0x0091 ;?ICS_Five+4
0x0D76	0x0091 ;?ICS_Five+6
0x0D78	0x008E ;?ICS_Five+8
; end of ?ICS_Five
;good morning.c,0 :: ?ICS_Six
0x0D7A	0x000E ;?ICS_Six+0
0x0D7C	0x0029 ;?ICS_Six+2
0x0D7E	0x0091 ;?ICS_Six+4
0x0D80	0x0011 ;?ICS_Six+6
0x0D82	0x000E ;?ICS_Six+8
; end of ?ICS_Six
;good morning.c,0 :: ?ICS_Nine
0x0D84	0x0060 ;?ICS_Nine+0
0x0D86	0x0090 ;?ICS_Nine+2
0x0D88	0x0090 ;?ICS_Nine+4
0x0D8A	0x0090 ;?ICS_Nine+6
0x0D8C	0x007F ;?ICS_Nine+8
; end of ?ICS_Nine
;good morning.c,0 :: ?ICS_YY
0x0D8E	0x0080 ;?ICS_YY+0
0x0D90	0x0040 ;?ICS_YY+2
0x0D92	0x003F ;?ICS_YY+4
0x0D94	0x0040 ;?ICS_YY+6
0x0D96	0x0080 ;?ICS_YY+8
; end of ?ICS_YY
;good morning.c,0 :: ?ICS_ZZ
0x0D98	0x0081 ;?ICS_ZZ+0
0x0D9A	0x0083 ;?ICS_ZZ+2
0x0D9C	0x0089 ;?ICS_ZZ+4
0x0D9E	0x00A1 ;?ICS_ZZ+6
0x0DA0	0x0081 ;?ICS_ZZ+8
; end of ?ICS_ZZ
;good morning.c,0 :: ?ICS_VV
0x0DA2	0x00E0 ;?ICS_VV+0
0x0DA4	0x001C ;?ICS_VV+2
0x0DA6	0x0001 ;?ICS_VV+4
0x0DA8	0x001C ;?ICS_VV+6
0x0DAA	0x00E0 ;?ICS_VV+8
; end of ?ICS_VV
;good morning.c,0 :: ?ICS_XX
0x0DAC	0x0081 ;?ICS_XX+0
0x0DAE	0x0066 ;?ICS_XX+2
0x0DB0	0x0018 ;?ICS_XX+4
0x0DB2	0x0066 ;?ICS_XX+6
0x0DB4	0x0081 ;?ICS_XX+8
; end of ?ICS_XX
;good morning.c,0 :: ?ICS_Zero
0x0DB6	0x00FF ;?ICS_Zero+0
0x0DB8	0x0081 ;?ICS_Zero+2
0x0DBA	0x0081 ;?ICS_Zero+4
0x0DBC	0x0081 ;?ICS_Zero+6
0x0DBE	0x00FF ;?ICS_Zero+8
; end of ?ICS_Zero
;good morning.c,0 :: ?ICS_Three
0x0DC0	0x008A ;?ICS_Three+0
0x0DC2	0x0091 ;?ICS_Three+2
0x0DC4	0x00B1 ;?ICS_Three+4
0x0DC6	0x00D0 ;?ICS_Three+6
0x0DC8	0x008E ;?ICS_Three+8
; end of ?ICS_Three
;good morning.c,0 :: ?ICS_Four
0x0DCA	0x0008 ;?ICS_Four+0
0x0DCC	0x0028 ;?ICS_Four+2
0x0DCE	0x00FF ;?ICS_Four+4
0x0DD0	0x0008 ;?ICS_Four+6
0x0DD2	0x0008 ;?ICS_Four+8
; end of ?ICS_Four
;good morning.c,0 :: ?ICS_One
0x0DD4	0x0001 ;?ICS_One+0
0x0DD6	0x0041 ;?ICS_One+2
0x0DD8	0x00FF ;?ICS_One+4
0x0DDA	0x0001 ;?ICS_One+6
0x0DDC	0x0001 ;?ICS_One+8
; end of ?ICS_One
;good morning.c,0 :: ?ICS_Two
0x0DDE	0x0047 ;?ICS_Two+0
0x0DE0	0x0089 ;?ICS_Two+2
0x0DE2	0x0089 ;?ICS_Two+4
0x0DE4	0x0091 ;?ICS_Two+6
0x0DE6	0x0021 ;?ICS_Two+8
; end of ?ICS_Two
;good morning.c,0 :: ?ICS_RR
0x0DE8	0x00FF ;?ICS_RR+0
0x0DEA	0x0098 ;?ICS_RR+2
0x0DEC	0x0094 ;?ICS_RR+4
0x0DEE	0x0092 ;?ICS_RR+6
0x0DF0	0x0061 ;?ICS_RR+8
; end of ?ICS_RR
;good morning.c,0 :: ?ICS_DD
0x0DF2	0x00FF ;?ICS_DD+0
0x0DF4	0x0081 ;?ICS_DD+2
0x0DF6	0x0081 ;?ICS_DD+4
0x0DF8	0x0081 ;?ICS_DD+6
0x0DFA	0x007E ;?ICS_DD+8
; end of ?ICS_DD
;good morning.c,0 :: ?ICS_EE
0x0DFC	0x00FF ;?ICS_EE+0
0x0DFE	0x0091 ;?ICS_EE+2
0x0E00	0x0091 ;?ICS_EE+4
0x0E02	0x0091 ;?ICS_EE+6
0x0E04	0x0091 ;?ICS_EE+8
; end of ?ICS_EE
;good morning.c,0 :: ?ICS_WW
0x0E06	0x00FF ;?ICS_WW+0
0x0E08	0x0002 ;?ICS_WW+2
0x0E0A	0x0004 ;?ICS_WW+4
0x0E0C	0x0002 ;?ICS_WW+6
0x0E0E	0x00FF ;?ICS_WW+8
; end of ?ICS_WW
;good morning.c,0 :: ?ICS_LL
0x0E10	0x00FF ;?ICS_LL+0
0x0E12	0x0001 ;?ICS_LL+2
0x0E14	0x0001 ;?ICS_LL+4
0x0E16	0x0001 ;?ICS_LL+6
0x0E18	0x0001 ;?ICS_LL+8
; end of ?ICS_LL
;good morning.c,0 :: ?ICS_OO
0x0E1A	0x007E ;?ICS_OO+0
0x0E1C	0x0081 ;?ICS_OO+2
0x0E1E	0x0081 ;?ICS_OO+4
0x0E20	0x0081 ;?ICS_OO+6
0x0E22	0x007E ;?ICS_OO+8
; end of ?ICS_OO
;good morning.c,0 :: ?ICS_Space
0x0E24	0x0000 ;?ICS_Space+0
0x0E26	0x0000 ;?ICS_Space+2
0x0E28	0x0000 ;?ICS_Space+4
0x0E2A	0x0000 ;?ICS_Space+6
0x0E2C	0x0000 ;?ICS_Space+8
; end of ?ICS_Space
;good morning.c,0 :: ?ICS_len
0x0E2E	0x0005 ;?ICS_len+0
; end of ?ICS_len
;good morning.c,0 :: ?ICS_HH
0x0E30	0x00FF ;?ICS_HH+0
0x0E32	0x0010 ;?ICS_HH+2
0x0E34	0x0010 ;?ICS_HH+4
0x0E36	0x0010 ;?ICS_HH+6
0x0E38	0x00FF ;?ICS_HH+8
; end of ?ICS_HH
Symbol List:
//** Routines locations **
//ADDRESS    SIZE    PROCEDURE
//----------------------------------------------
0x001C      [30]    _elay_us
0x003A      [80]    _show
0x008A      [18]    _UART1_Read
0x009C     [564]    _hello_world
0x02D0      [16]    ___CC2DW
0x02E0      [88]    _UART1_Init
0x0338      [10]    _UART1_Data_Ready
0x0342    [2412]    _main
//** Variables locations ** 
//ADDRESS    SIZE    VARIABLE
//----------------------------------------------
0x0000       [1]    UART1_Init_tmp_L0
0x0000       [1]    FLASH_Erase_64_SaveINTCON_L0
0x0000       [1]    SPI1_Write_tmp_L0
0x0000       [1]    EEPROM_Write_SaveINTCON_L0
0x0000       [1]    __Lib_SoftI2C_PutZerosToLATScl_temp_scl_L0
0x0000       [1]    R0
0x0000       [1]    __Lib_SoftI2C_PutZerosToLATSda_temp_sda_L0
0x0001       [1]    ispunct_rslt_L0
0x0001       [1]    __Lib_TFT_JPEG_FileRead_i_L0
0x0001       [1]    __Lib_TFT_JPEG_FileReadBytes_Result_L0
0x0001       [1]    FLASH_Write_32_i_L0
0x0001       [1]    I2C1_Rd_tmp_L0
0x0001       [1]    __Lib_USB_genHID_?FLOC____Lib_USB_genHID_USB_Handle_BusyT1
0x0001       [1]    UART1_Read___tmp_UART1_Read_L0
0x0001       [1]    R1
0x0001       [2]    FLASH_Read_N_Bytes_i_L0
0x0001       [1]    __Lib_PS2_Wait_Falling_nsample_L0
0x0001       [1]    FLASH_Erase_Write_64_i_L0
0x0002       [1]    FLASH_Write_32_SaveINTCON_L0
0x0002       [2]    memchr_s_L0
0x0002       [2]    memset_pp_L0
0x0002       [1]    FLASH_Erase_Write_64_j_L0
0x0002       [1]    __Lib_USB_genHID_USB_CtrlTrf_Rx_Service_byteToRead_L0
0x0002       [2]    strlen_cp_L0
0x0002       [2]    memcpy_dd_L0
0x0002       [1]    R2
0x0003       [2]    __Lib_MmcFat16_f16_toInt_l_L0
0x0003       [1]    FLASH_Erase_Write_64_SaveINTCON_L0
0x0003       [1]    R3
0x0003       [2]    __Lib_USB_genHID_USB_CtrlTrf_Tx_Service_byteToSend_L0
0x0003       [1]    __Lib_USB_genHID_USB_CtrlTrf_Rx_Service_i_L0
0x0003       [2]    Ltrim_original_L0
0x0003       [2]    memmove_tt_L0
0x0003       [1]    __Lib_Sprinti_?FLOC____Lib_Sprinti_Do_FillT29
0x0004       [1]    __Lib_Sprinti_?FLOC____Lib_Sprinti_Do_FillT40
0x0004       [2]    strncat_cp_L0
0x0004       [2]    strncpy_cp_L0
0x0004       [2]    strcat_cp_L0
0x0004       [2]    __Lib_USB_genHID_USB_Transfer_Packet_handle_L0
0x0004       [2]    __Lib_USB_genHID_USB_Get_Status_Handler_p_L2
0x0004       [2]    __Lib_USB_genHID_USB_Std_Feature_Req_Handler_p_L0
0x0004       [2]    memcpy_ss_L0
0x0004       [1]    R4
0x0004       [2]    strcpy_cp_L0
0x0004       [1]    __Lib_USB_genHID_GetMaxIndexInDevDsc_index_L0
0x0004       [2]    frexp_pom_L0
0x0005       [2]    Ltrim_p_L0
0x0005       [1]    R5
0x0005       [2]    memmove_ff_L0
0x0005       [2]    __Lib_USB_genHID_USB_Configure_Endpoint_handle_L0
0x0005       [2]    LongWordToHex_input_half_L0
0x0005       [2]    LongIntToHex_input_half_L0
0x0005       [1]    __Lib_Sprinti_?FLOC____Lib_Sprinti_Do_FillT54
0x0006       [1]    R6
0x0006       [1]    __Lib_Sprinti_?FLOC____Lib_Sprinti_Do_FillT69
0x0006       [2]    __Lib_USB_genHID_GetMaxIndexInConfigDsc_totalLen_L0
0x0007       [1]    R7
0x0007       [1]    __Lib_TFT_JPEG_GenerateHuffmanTables_bLength_L0
0x0008       [3]    __Lib_USB_genHID_GetMaxIndexInConfigDsc_ptr_L0
0x0008       [1]    R8
0x0008       [1]    __Lib_TFT_JPEG_GenerateHuffmanTables_bTable_L0
0x0009       [4]    __Lib_MmcFat16_f16_toLong_l_L0
0x0009       [1]    R9
0x000A       [1]    R10
0x000B       [1]    R11
0x000C       [1]    R12
0x000D       [1]    R13
0x000E       [1]    R14
0x000F       [1]    R15
0x0010       [1]    R16
0x0011       [1]    R17
0x0012       [1]    R18
0x0013       [1]    R19
0x0014       [1]    R20
0x0015      [10]    _KK
0x001F      [10]    _MM
0x0029      [10]    _II
0x0033      [10]    _JJ
0x003D      [10]    _NN
0x0047      [10]    _SS
0x0051      [10]    _TT
0x005B      [10]    _PP
0x0065      [10]    _QQ
0x006F       [2]    _i
0x0071      [20]    _ch
0x0085       [2]    _size1
0x0087      [10]    _AA
0x0091      [10]    _FF
0x009B      [10]    _GG
0x00A5      [10]    _BB
0x00AF      [10]    _CC
0x00B9      [10]    _UU
0x00C3      [10]    _Seven
0x00CD      [10]    _Eight
0x00D7      [10]    _Five
0x00E1      [10]    _Six
0x00EB      [10]    _Nine
0x00F5      [10]    _YY
0x00FF      [10]    _ZZ
0x0109      [10]    _VV
0x0113      [10]    _XX
0x011D      [10]    _Zero
0x0127      [10]    _Three
0x0131      [10]    _Four
0x013B      [10]    _One
0x0145      [10]    _Two
0x014F      [10]    _RR
0x0159      [10]    _DD
0x0163      [10]    _EE
0x016D      [10]    _WW
0x0177      [10]    _LL
0x0181      [10]    _OO
0x018B      [10]    _Space
0x0195       [2]    _len
0x0197      [10]    _HH
0x01A1       [2]    _t
0x01A3       [4]    _UART_Rdy_Ptr
0x01A7       [4]    _UART_Tx_Idle_Ptr
0x01AB       [4]    _UART_Wr_Ptr
0x01AF       [4]    _UART_Rd_Ptr
0x01B3       [2]    FLOC__main
0x01B5       [2]    FARG_hello_world_t
0x01B7       [2]    FARG_show_image
0x01B9       [2]    FARG_show_t
0x01BB       [2]    show_b1_L0
0x01BD       [2]    FARG_elay_us_n
0x0F81       [1]    PORTB
0x0F92       [1]    TRISA
0x0F93       [1]    TRISB
0x0F94       [0]    TRISC7_bit
0x0F94       [1]    TRISC
0x0F94       [0]    TRISC6_bit
0x0F9E       [1]    PIR1
0x0FAB       [1]    RCSTA
0x0FAC       [1]    TXSTA
0x0FAE       [1]    RCREG
0x0FAF       [1]    SPBRG
0x0FB0       [1]    SPBRGH
0x0FB8       [1]    BAUDCON
0x0FD8       [1]    STATUS
0x0FD9       [1]    FSR2L
0x0FDA       [1]    FSR2H
0x0FDE       [1]    POSTINC2
0x0FE0       [1]    BSR
0x0FE1       [1]    FSR1L
0x0FE2       [1]    FSR1H
0x0FE4       [1]    PREINC1
0x0FE6       [1]    POSTINC1
0x0FE7       [1]    INDF1
0x0FE8       [1]    WREG
0x0FE9       [1]    FSR0L
0x0FEA       [1]    FSR0H
0x0FEE       [1]    POSTINC0
0x0FF3       [1]    PRODL
0x0FF4       [1]    PRODH
0x0FF5       [1]    TABLAT
0x0FF6       [1]    TBLPTRL
0x0FF7       [1]    TBLPTRH
0x0FF8       [1]    TBLPTRU
//** Constants locations ** 
//ADDRESS    SIZE    CONSTANT
//----------------------------------------------
0x0CAE      [10]    ?ICS_KK
0x0CB8      [10]    ?ICS_MM
0x0CC2      [10]    ?ICS_II
0x0CCC      [10]    ?ICS_JJ
0x0CD6      [10]    ?ICS_NN
0x0CE0      [10]    ?ICS_SS
0x0CEA      [10]    ?ICS_TT
0x0CF4      [10]    ?ICS_PP
0x0CFE      [10]    ?ICS_QQ
0x0D08       [2]    ?ICS_i
0x0D0A      [20]    ?ICS_ch
0x0D1E       [2]    ?ICS_size1
0x0D20      [10]    ?ICS_AA
0x0D2A      [10]    ?ICS_FF
0x0D34      [10]    ?ICS_GG
0x0D3E      [10]    ?ICS_BB
0x0D48      [10]    ?ICS_CC
0x0D52      [10]    ?ICS_UU
0x0D5C      [10]    ?ICS_Seven
0x0D66      [10]    ?ICS_Eight
0x0D70      [10]    ?ICS_Five
0x0D7A      [10]    ?ICS_Six
0x0D84      [10]    ?ICS_Nine
0x0D8E      [10]    ?ICS_YY
0x0D98      [10]    ?ICS_ZZ
0x0DA2      [10]    ?ICS_VV
0x0DAC      [10]    ?ICS_XX
0x0DB6      [10]    ?ICS_Zero
0x0DC0      [10]    ?ICS_Three
0x0DCA      [10]    ?ICS_Four
0x0DD4      [10]    ?ICS_One
0x0DDE      [10]    ?ICS_Two
0x0DE8      [10]    ?ICS_RR
0x0DF2      [10]    ?ICS_DD
0x0DFC      [10]    ?ICS_EE
0x0E06      [10]    ?ICS_WW
0x0E10      [10]    ?ICS_LL
0x0E1A      [10]    ?ICS_OO
0x0E24      [10]    ?ICS_Space
0x0E2E       [2]    ?ICS_len
0x0E30      [10]    ?ICS_HH
//** Label List: ** 
//----------------------------------------------
  L_elay_us0
  L_elay_us1
  L_time2
  L_time3
  L_time4
  L_time5
  L_time6
  L_show7
  L_show8
  L_show9
  L_main10
  L_main11
  L_main12
  L_main13
  L_main14
  L_main15
  L_main16
  L_main17
  L_main18
  L_main19
  L_main20
  L_main21
  L_main22
  L_main23
  L_main24
  L_main25
  L_main26
  L_main27
  L_main28
  L_main29
  L_main30
  L_main31
  L_main32
  L_main33
  L_main34
  L_main35
  L_main36
  L_main37
  L_main38
  L_main39
  L_main40
  L_main41
  L_main42
  L_main43
  L_main44
  L_main45
  L_main46
  L_main47
  L_main48
  L_main49
  L_main50
  L_main51
  L_main52
  L_main53
  L_main54
  L_main55
  L_main56
  L_main57
  L_main58
  L_main59
  L_main60
  L_main61
  L_main62
  L_main63
  L_main64
  L_main65
  L_main66
  L_main67
  L_main68
  L_main69
  L_main70
  L_main71
  L_main72
  L_main73
  L_main74
  L_main75
  L_main76
  L_main77
  L_main78
  L_main79
  L_main80
  L_main81
  L_main82
  L_main83
  L_main84
  L_main85
  L_end_elay_us
  _elay_us
  L_end_time
  _time
  L_end_show
  _show
  L__show89
  L_end_hello_world
  _hello_world
  L_end_main
  _main
  L__main92
  L__main93
  L__main94
  _CC2D_Loop1
  _CC2DL_Loop1
  L_loopCA2AWs
  L_loopCCA2AWs
  L_loopCS2Ss
  L_CS2Send
  L_loopCCS2Ss
  L_CCS2Send
  L_loopFZinSWs
  L_longjmp7
  L_end___CC2D
  ___CC2D
  L_end___CC2DW
  ___CC2DW
  L_end___CA2AW
  ___CA2AW
  L_end___CCA2AW
  ___CCA2AW
  L_end___CS2S
  ___CS2S
  L_end___CCS2S
  ___CCS2S
  L_end___FZinS
  ___FZinS
  L_end_____DoIFC
  _____DoIFC
  L_end_Swap
  _Swap
  L_end_setjmp
  _setjmp
  L_end_longjmp
  _longjmp
  L_UART1_Init0
  L_UART1_Init1
  L_UART1_Read2
  L_UART1_Write3
  L_UART1_Write4
  L_UART1_Write_Text5
  L_UART1_Write_Text6
  L_UART1_Read_Text7
  L_UART1_Read_Text8
  L_UART1_Read_Text9
  L_UART1_Read_Text10
  L_UART1_Read_Text11
  L_UART1_Read_Text12
  L_UART1_Read_Text13
  L_UART1_Read_Text14
  L_UART1_Read_Text15
  L_UART_Write_Text16
  L_UART_Write_Text17
  L_UART_Read_Text18
  L_UART_Read_Text19
  L_UART_Read_Text20
  L_UART_Read_Text21
  L_UART_Read_Text22
  L_UART_Read_Text23
  L_UART_Read_Text24
  L_UART_Read_Text25
  L_UART_Read_Text26
  L_end_UART1_Init
  _UART1_Init
  L_end_UART1_Data_Ready
  _UART1_Data_Ready
  L_end_UART1_Read
  _UART1_Read
  L_end_UART1_Tx_Idle
  _UART1_Tx_Idle
  L_end_UART1_Write
  _UART1_Write
  L_end_UART1_Write_Text
  _UART1_Write_Text
  L_end_UART1_Read_Text
  _UART1_Read_Text
  L_end_UART_Set_Active
  _UART_Set_Active
  L_end_UART_Write
  _UART_Write
  L_end_UART_Write_Text
  _UART_Write_Text
  L_end_UART_Read
  _UART_Read
  L_end_UART_Data_Ready
  _UART_Data_Ready
  L_end_UART_Read_Text
  _UART_Read_Text
  L_end_UART_Tx_Idle
  _UART_Tx_Idle
